[0.566s] DEBUG:colcon:Command line arguments: ['/usr/bin/colcon', 'build']
[0.566s] DEBUG:colcon:Parsed command line arguments: Namespace(log_base=None, log_level=None, verb_name='build', build_base='build', install_base='install', merge_install=False, symlink_install=False, test_result_base=None, continue_on_error=False, executor='parallel', parallel_workers=8, event_handlers=None, ignore_user_meta=False, metas=['./colcon.meta'], base_paths=['.'], packages_ignore=None, packages_ignore_regex=None, paths=None, packages_up_to=None, packages_up_to_regex=None, packages_above=None, packages_above_and_dependencies=None, packages_above_depth=None, packages_select_by_dep=None, packages_skip_by_dep=None, packages_skip_up_to=None, packages_select_build_failed=False, packages_skip_build_finished=False, packages_select_test_failures=False, packages_skip_test_passed=False, packages_select=None, packages_skip=None, packages_select_regex=None, packages_skip_regex=None, packages_start=None, packages_end=None, allow_overriding=[], cmake_args=None, cmake_target=None, cmake_target_skip_unavailable=False, cmake_clean_cache=False, cmake_clean_first=False, cmake_force_configure=False, ament_cmake_args=None, catkin_cmake_args=None, catkin_skip_building_tests=False, mixin_files=None, mixin=None, verb_parser=<colcon_mixin.mixin.mixin_argument.MixinArgumentDecorator object at 0x735fb526c580>, verb_extension=<colcon_core.verb.build.BuildVerb object at 0x735fb53e9a50>, main=<bound method BuildVerb.main of <colcon_core.verb.build.BuildVerb object at 0x735fb53e9a50>>, mixin_verb=('build',))
[0.669s] Level 1:colcon.colcon_core.package_discovery:discover_packages(colcon_meta) check parameters
[0.670s] Level 1:colcon.colcon_core.package_discovery:discover_packages(recursive) check parameters
[0.670s] Level 1:colcon.colcon_core.package_discovery:discover_packages(ignore) check parameters
[0.670s] Level 1:colcon.colcon_core.package_discovery:discover_packages(path) check parameters
[0.670s] Level 1:colcon.colcon_core.package_discovery:discover_packages(colcon_meta) discover
[0.670s] Level 1:colcon.colcon_core.package_discovery:discover_packages(recursive) discover
[0.670s] INFO:colcon.colcon_core.package_discovery:Crawling recursively for packages in '/home/josiah/urdf_ws'
[0.670s] Level 1:colcon.colcon_core.package_identification:_identify(.) by extensions ['ignore', 'ignore_ament_install']
[0.670s] Level 1:colcon.colcon_core.package_identification:_identify(.) by extension 'ignore'
[0.670s] Level 1:colcon.colcon_core.package_identification:_identify(.) by extension 'ignore_ament_install'
[0.671s] Level 1:colcon.colcon_core.package_identification:_identify(.) by extensions ['colcon_pkg']
[0.671s] Level 1:colcon.colcon_core.package_identification:_identify(.) by extension 'colcon_pkg'
[0.671s] Level 1:colcon.colcon_core.package_identification:_identify(.) by extensions ['colcon_meta']
[0.671s] Level 1:colcon.colcon_core.package_identification:_identify(.) by extension 'colcon_meta'
[0.671s] Level 1:colcon.colcon_core.package_identification:_identify(.) by extensions ['ros']
[0.671s] Level 1:colcon.colcon_core.package_identification:_identify(.) by extension 'ros'
[0.706s] Level 1:colcon.colcon_core.package_identification:_identify(.) by extensions ['cmake', 'python']
[0.706s] Level 1:colcon.colcon_core.package_identification:_identify(.) by extension 'cmake'
[0.706s] Level 1:colcon.colcon_core.package_identification:_identify(.) by extension 'python'
[0.706s] Level 1:colcon.colcon_core.package_identification:_identify(.) by extensions ['python_setup_py']
[0.706s] Level 1:colcon.colcon_core.package_identification:_identify(.) by extension 'python_setup_py'
[0.706s] Level 1:colcon.colcon_core.package_identification:_identify(build) by extensions ['ignore', 'ignore_ament_install']
[0.707s] Level 1:colcon.colcon_core.package_identification:_identify(build) by extension 'ignore'
[0.707s] Level 1:colcon.colcon_core.package_identification:_identify(build) ignored
[0.707s] Level 1:colcon.colcon_core.package_identification:_identify(install) by extensions ['ignore', 'ignore_ament_install']
[0.708s] Level 1:colcon.colcon_core.package_identification:_identify(install) by extension 'ignore'
[0.708s] Level 1:colcon.colcon_core.package_identification:_identify(install) ignored
[0.708s] Level 1:colcon.colcon_core.package_identification:_identify(log) by extensions ['ignore', 'ignore_ament_install']
[0.708s] Level 1:colcon.colcon_core.package_identification:_identify(log) by extension 'ignore'
[0.708s] Level 1:colcon.colcon_core.package_identification:_identify(log) ignored
[0.708s] Level 1:colcon.colcon_core.package_identification:_identify(src) by extensions ['ignore', 'ignore_ament_install']
[0.708s] Level 1:colcon.colcon_core.package_identification:_identify(src) by extension 'ignore'
[0.709s] Level 1:colcon.colcon_core.package_identification:_identify(src) by extension 'ignore_ament_install'
[0.709s] Level 1:colcon.colcon_core.package_identification:_identify(src) by extensions ['colcon_pkg']
[0.709s] Level 1:colcon.colcon_core.package_identification:_identify(src) by extension 'colcon_pkg'
[0.709s] Level 1:colcon.colcon_core.package_identification:_identify(src) by extensions ['colcon_meta']
[0.709s] Level 1:colcon.colcon_core.package_identification:_identify(src) by extension 'colcon_meta'
[0.709s] Level 1:colcon.colcon_core.package_identification:_identify(src) by extensions ['ros']
[0.709s] Level 1:colcon.colcon_core.package_identification:_identify(src) by extension 'ros'
[0.709s] Level 1:colcon.colcon_core.package_identification:_identify(src) by extensions ['cmake', 'python']
[0.709s] Level 1:colcon.colcon_core.package_identification:_identify(src) by extension 'cmake'
[0.709s] Level 1:colcon.colcon_core.package_identification:_identify(src) by extension 'python'
[0.709s] Level 1:colcon.colcon_core.package_identification:_identify(src) by extensions ['python_setup_py']
[0.709s] Level 1:colcon.colcon_core.package_identification:_identify(src) by extension 'python_setup_py'
[0.709s] Level 1:colcon.colcon_core.package_identification:_identify(src/my_robot_bringup) by extensions ['ignore', 'ignore_ament_install']
[0.710s] Level 1:colcon.colcon_core.package_identification:_identify(src/my_robot_bringup) by extension 'ignore'
[0.710s] Level 1:colcon.colcon_core.package_identification:_identify(src/my_robot_bringup) by extension 'ignore_ament_install'
[0.710s] Level 1:colcon.colcon_core.package_identification:_identify(src/my_robot_bringup) by extensions ['colcon_pkg']
[0.710s] Level 1:colcon.colcon_core.package_identification:_identify(src/my_robot_bringup) by extension 'colcon_pkg'
[0.710s] Level 1:colcon.colcon_core.package_identification:_identify(src/my_robot_bringup) by extensions ['colcon_meta']
[0.710s] Level 1:colcon.colcon_core.package_identification:_identify(src/my_robot_bringup) by extension 'colcon_meta'
[0.710s] Level 1:colcon.colcon_core.package_identification:_identify(src/my_robot_bringup) by extensions ['ros']
[0.710s] Level 1:colcon.colcon_core.package_identification:_identify(src/my_robot_bringup) by extension 'ros'
[0.715s] DEBUG:colcon.colcon_core.package_identification:Package 'src/my_robot_bringup' with type 'ros.ament_cmake' and name 'my_robot_bringup'
[0.715s] Level 1:colcon.colcon_core.package_identification:_identify(src/my_robot_description) by extensions ['ignore', 'ignore_ament_install']
[0.716s] Level 1:colcon.colcon_core.package_identification:_identify(src/my_robot_description) by extension 'ignore'
[0.716s] Level 1:colcon.colcon_core.package_identification:_identify(src/my_robot_description) by extension 'ignore_ament_install'
[0.716s] Level 1:colcon.colcon_core.package_identification:_identify(src/my_robot_description) by extensions ['colcon_pkg']
[0.716s] Level 1:colcon.colcon_core.package_identification:_identify(src/my_robot_description) by extension 'colcon_pkg'
[0.716s] Level 1:colcon.colcon_core.package_identification:_identify(src/my_robot_description) by extensions ['colcon_meta']
[0.716s] Level 1:colcon.colcon_core.package_identification:_identify(src/my_robot_description) by extension 'colcon_meta'
[0.716s] Level 1:colcon.colcon_core.package_identification:_identify(src/my_robot_description) by extensions ['ros']
[0.716s] Level 1:colcon.colcon_core.package_identification:_identify(src/my_robot_description) by extension 'ros'
[0.717s] DEBUG:colcon.colcon_core.package_identification:Package 'src/my_robot_description' with type 'ros.ament_cmake' and name 'my_robot_description'
[0.717s] Level 1:colcon.colcon_core.package_discovery:discover_packages(recursive) using defaults
[0.717s] Level 1:colcon.colcon_core.package_discovery:discover_packages(ignore) discover
[0.717s] Level 1:colcon.colcon_core.package_discovery:discover_packages(ignore) using defaults
[0.717s] Level 1:colcon.colcon_core.package_discovery:discover_packages(path) discover
[0.717s] Level 1:colcon.colcon_core.package_discovery:discover_packages(path) using defaults
[0.768s] Level 1:colcon.colcon_core.package_discovery:discover_packages(prefix_path) check parameters
[0.768s] Level 1:colcon.colcon_core.package_discovery:discover_packages(prefix_path) discover
[0.775s] DEBUG:colcon.colcon_installed_package_information.package_discovery:Found 2 installed packages in /home/josiah/urdf_ws/install
[0.781s] DEBUG:colcon.colcon_installed_package_information.package_discovery:Found 334 installed packages in /opt/ros/humble
[0.785s] Level 1:colcon.colcon_core.package_discovery:discover_packages(prefix_path) using defaults
[0.939s] Level 5:colcon.colcon_core.verb:set package 'my_robot_description' build argument 'cmake_args' from command line to 'None'
[0.939s] Level 5:colcon.colcon_core.verb:set package 'my_robot_description' build argument 'cmake_target' from command line to 'None'
[0.939s] Level 5:colcon.colcon_core.verb:set package 'my_robot_description' build argument 'cmake_target_skip_unavailable' from command line to 'False'
[0.939s] Level 5:colcon.colcon_core.verb:set package 'my_robot_description' build argument 'cmake_clean_cache' from command line to 'False'
[0.940s] Level 5:colcon.colcon_core.verb:set package 'my_robot_description' build argument 'cmake_clean_first' from command line to 'False'
[0.940s] Level 5:colcon.colcon_core.verb:set package 'my_robot_description' build argument 'cmake_force_configure' from command line to 'False'
[0.940s] Level 5:colcon.colcon_core.verb:set package 'my_robot_description' build argument 'ament_cmake_args' from command line to 'None'
[0.940s] Level 5:colcon.colcon_core.verb:set package 'my_robot_description' build argument 'catkin_cmake_args' from command line to 'None'
[0.940s] Level 5:colcon.colcon_core.verb:set package 'my_robot_description' build argument 'catkin_skip_building_tests' from command line to 'False'
[0.940s] DEBUG:colcon.colcon_core.verb:Building package 'my_robot_description' with the following arguments: {'ament_cmake_args': None, 'build_base': '/home/josiah/urdf_ws/build/my_robot_description', 'catkin_cmake_args': None, 'catkin_skip_building_tests': False, 'cmake_args': None, 'cmake_clean_cache': False, 'cmake_clean_first': False, 'cmake_force_configure': False, 'cmake_target': None, 'cmake_target_skip_unavailable': False, 'install_base': '/home/josiah/urdf_ws/install/my_robot_description', 'merge_install': False, 'path': '/home/josiah/urdf_ws/src/my_robot_description', 'symlink_install': False, 'test_result_base': None}
[0.941s] Level 5:colcon.colcon_core.verb:set package 'my_robot_bringup' build argument 'cmake_args' from command line to 'None'
[0.941s] Level 5:colcon.colcon_core.verb:set package 'my_robot_bringup' build argument 'cmake_target' from command line to 'None'
[0.941s] Level 5:colcon.colcon_core.verb:set package 'my_robot_bringup' build argument 'cmake_target_skip_unavailable' from command line to 'False'
[0.941s] Level 5:colcon.colcon_core.verb:set package 'my_robot_bringup' build argument 'cmake_clean_cache' from command line to 'False'
[0.941s] Level 5:colcon.colcon_core.verb:set package 'my_robot_bringup' build argument 'cmake_clean_first' from command line to 'False'
[0.941s] Level 5:colcon.colcon_core.verb:set package 'my_robot_bringup' build argument 'cmake_force_configure' from command line to 'False'
[0.941s] Level 5:colcon.colcon_core.verb:set package 'my_robot_bringup' build argument 'ament_cmake_args' from command line to 'None'
[0.941s] Level 5:colcon.colcon_core.verb:set package 'my_robot_bringup' build argument 'catkin_cmake_args' from command line to 'None'
[0.941s] Level 5:colcon.colcon_core.verb:set package 'my_robot_bringup' build argument 'catkin_skip_building_tests' from command line to 'False'
[0.941s] DEBUG:colcon.colcon_core.verb:Building package 'my_robot_bringup' with the following arguments: {'ament_cmake_args': None, 'build_base': '/home/josiah/urdf_ws/build/my_robot_bringup', 'catkin_cmake_args': None, 'catkin_skip_building_tests': False, 'cmake_args': None, 'cmake_clean_cache': False, 'cmake_clean_first': False, 'cmake_force_configure': False, 'cmake_target': None, 'cmake_target_skip_unavailable': False, 'install_base': '/home/josiah/urdf_ws/install/my_robot_bringup', 'merge_install': False, 'path': '/home/josiah/urdf_ws/src/my_robot_bringup', 'symlink_install': False, 'test_result_base': None}
[0.941s] INFO:colcon.colcon_core.executor:Executing jobs using 'parallel' executor
[0.943s] DEBUG:colcon.colcon_parallel_executor.executor.parallel:run_until_complete
[0.943s] INFO:colcon.colcon_ros.task.ament_cmake.build:Building ROS package in '/home/josiah/urdf_ws/src/my_robot_description' with build type 'ament_cmake'
[0.943s] INFO:colcon.colcon_cmake.task.cmake.build:Building CMake package in '/home/josiah/urdf_ws/src/my_robot_description'
[0.951s] INFO:colcon.colcon_core.plugin_system:Skipping extension 'colcon_core.shell.bat': Not used on non-Windows systems
[0.951s] INFO:colcon.colcon_core.shell:Skip shell extension 'powershell' for command environment: Not usable outside of PowerShell
[0.952s] DEBUG:colcon.colcon_core.shell:Skip shell extension 'dsv' for command environment
[0.969s] DEBUG:colcon.colcon_core.event_handler.log_command:Invoking command in '/home/josiah/urdf_ws/build/my_robot_description': CMAKE_PREFIX_PATH=${CMAKE_PREFIX_PATH}:/opt/ros/humble /usr/bin/cmake /home/josiah/urdf_ws/src/my_robot_description -DCMAKE_INSTALL_PREFIX=/home/josiah/urdf_ws/install/my_robot_description
[1.470s] DEBUG:colcon.colcon_core.event_handler.log_command:Invoked command in '/home/josiah/urdf_ws/build/my_robot_description' returned '0': CMAKE_PREFIX_PATH=${CMAKE_PREFIX_PATH}:/opt/ros/humble /usr/bin/cmake /home/josiah/urdf_ws/src/my_robot_description -DCMAKE_INSTALL_PREFIX=/home/josiah/urdf_ws/install/my_robot_description
[1.476s] DEBUG:colcon.colcon_core.event_handler.log_command:Invoking command in '/home/josiah/urdf_ws/build/my_robot_description': CMAKE_PREFIX_PATH=${CMAKE_PREFIX_PATH}:/opt/ros/humble /usr/bin/cmake --build /home/josiah/urdf_ws/build/my_robot_description -- -j8 -l8
[1.549s] DEBUG:colcon.colcon_core.event_handler.log_command:Invoked command in '/home/josiah/urdf_ws/build/my_robot_description' returned '0': CMAKE_PREFIX_PATH=${CMAKE_PREFIX_PATH}:/opt/ros/humble /usr/bin/cmake --build /home/josiah/urdf_ws/build/my_robot_description -- -j8 -l8
[1.612s] DEBUG:colcon.colcon_core.event_handler.log_command:Invoking command in '/home/josiah/urdf_ws/build/my_robot_description': CMAKE_PREFIX_PATH=${CMAKE_PREFIX_PATH}:/opt/ros/humble /usr/bin/cmake --install /home/josiah/urdf_ws/build/my_robot_description
[1.663s] Level 1:colcon.colcon_core.environment:create_environment_scripts_only(my_robot_description)
[1.664s] DEBUG:colcon.colcon_core.event_handler.log_command:Invoked command in '/home/josiah/urdf_ws/build/my_robot_description' returned '0': CMAKE_PREFIX_PATH=${CMAKE_PREFIX_PATH}:/opt/ros/humble /usr/bin/cmake --install /home/josiah/urdf_ws/build/my_robot_description
[1.674s] Level 1:colcon.colcon_core.environment:checking '/home/josiah/urdf_ws/install/my_robot_description' for CMake module files
[1.674s] Level 1:colcon.colcon_core.environment:checking '/home/josiah/urdf_ws/install/my_robot_description' for CMake config files
[1.675s] Level 1:colcon.colcon_core.shell:create_environment_hook('my_robot_description', 'cmake_prefix_path')
[1.675s] INFO:colcon.colcon_core.shell:Creating environment hook '/home/josiah/urdf_ws/install/my_robot_description/share/my_robot_description/hook/cmake_prefix_path.ps1'
[1.677s] INFO:colcon.colcon_core.shell:Creating environment descriptor '/home/josiah/urdf_ws/install/my_robot_description/share/my_robot_description/hook/cmake_prefix_path.dsv'
[1.677s] INFO:colcon.colcon_core.shell:Creating environment hook '/home/josiah/urdf_ws/install/my_robot_description/share/my_robot_description/hook/cmake_prefix_path.sh'
[1.679s] Level 1:colcon.colcon_core.environment:checking '/home/josiah/urdf_ws/install/my_robot_description/bin'
[1.679s] Level 1:colcon.colcon_core.environment:checking '/home/josiah/urdf_ws/install/my_robot_description/lib/pkgconfig/my_robot_description.pc'
[1.679s] Level 1:colcon.colcon_core.environment:checking '/home/josiah/urdf_ws/install/my_robot_description/lib/python3.10/site-packages'
[1.680s] Level 1:colcon.colcon_core.environment:checking '/home/josiah/urdf_ws/install/my_robot_description/bin'
[1.680s] INFO:colcon.colcon_core.shell:Creating package script '/home/josiah/urdf_ws/install/my_robot_description/share/my_robot_description/package.ps1'
[1.681s] INFO:colcon.colcon_core.shell:Creating package descriptor '/home/josiah/urdf_ws/install/my_robot_description/share/my_robot_description/package.dsv'
[1.682s] INFO:colcon.colcon_core.shell:Creating package script '/home/josiah/urdf_ws/install/my_robot_description/share/my_robot_description/package.sh'
[1.683s] INFO:colcon.colcon_core.shell:Creating package script '/home/josiah/urdf_ws/install/my_robot_description/share/my_robot_description/package.bash'
[1.685s] INFO:colcon.colcon_core.shell:Creating package script '/home/josiah/urdf_ws/install/my_robot_description/share/my_robot_description/package.zsh'
[1.687s] Level 1:colcon.colcon_core.environment:create_file_with_runtime_dependencies(/home/josiah/urdf_ws/install/my_robot_description/share/colcon-core/packages/my_robot_description)
[1.728s] Level 1:colcon.colcon_core.environment:create_environment_scripts_only(my_robot_description)
[1.728s] Level 1:colcon.colcon_core.environment:checking '/home/josiah/urdf_ws/install/my_robot_description' for CMake module files
[1.729s] Level 1:colcon.colcon_core.environment:checking '/home/josiah/urdf_ws/install/my_robot_description' for CMake config files
[1.729s] Level 1:colcon.colcon_core.shell:create_environment_hook('my_robot_description', 'cmake_prefix_path')
[1.729s] INFO:colcon.colcon_core.shell:Creating environment hook '/home/josiah/urdf_ws/install/my_robot_description/share/my_robot_description/hook/cmake_prefix_path.ps1'
[1.730s] INFO:colcon.colcon_core.shell:Creating environment descriptor '/home/josiah/urdf_ws/install/my_robot_description/share/my_robot_description/hook/cmake_prefix_path.dsv'
[1.731s] INFO:colcon.colcon_core.shell:Creating environment hook '/home/josiah/urdf_ws/install/my_robot_description/share/my_robot_description/hook/cmake_prefix_path.sh'
[1.731s] Level 1:colcon.colcon_core.environment:checking '/home/josiah/urdf_ws/install/my_robot_description/bin'
[1.731s] Level 1:colcon.colcon_core.environment:checking '/home/josiah/urdf_ws/install/my_robot_description/lib/pkgconfig/my_robot_description.pc'
[1.732s] Level 1:colcon.colcon_core.environment:checking '/home/josiah/urdf_ws/install/my_robot_description/lib/python3.10/site-packages'
[1.732s] Level 1:colcon.colcon_core.environment:checking '/home/josiah/urdf_ws/install/my_robot_description/bin'
[1.733s] INFO:colcon.colcon_core.shell:Creating package script '/home/josiah/urdf_ws/install/my_robot_description/share/my_robot_description/package.ps1'
[1.733s] INFO:colcon.colcon_core.shell:Creating package descriptor '/home/josiah/urdf_ws/install/my_robot_description/share/my_robot_description/package.dsv'
[1.735s] INFO:colcon.colcon_core.shell:Creating package script '/home/josiah/urdf_ws/install/my_robot_description/share/my_robot_description/package.sh'
[1.735s] INFO:colcon.colcon_core.shell:Creating package script '/home/josiah/urdf_ws/install/my_robot_description/share/my_robot_description/package.bash'
[1.736s] INFO:colcon.colcon_core.shell:Creating package script '/home/josiah/urdf_ws/install/my_robot_description/share/my_robot_description/package.zsh'
[1.737s] Level 1:colcon.colcon_core.environment:create_file_with_runtime_dependencies(/home/josiah/urdf_ws/install/my_robot_description/share/colcon-core/packages/my_robot_description)
[1.738s] INFO:colcon.colcon_ros.task.ament_cmake.build:Building ROS package in '/home/josiah/urdf_ws/src/my_robot_bringup' with build type 'ament_cmake'
[1.738s] INFO:colcon.colcon_cmake.task.cmake.build:Building CMake package in '/home/josiah/urdf_ws/src/my_robot_bringup'
[1.739s] INFO:colcon.colcon_core.shell:Skip shell extension 'powershell' for command environment: Not usable outside of PowerShell
[1.739s] DEBUG:colcon.colcon_core.shell:Skip shell extension 'dsv' for command environment
[1.758s] DEBUG:colcon.colcon_core.event_handler.log_command:Invoking command in '/home/josiah/urdf_ws/build/my_robot_bringup': CMAKE_PREFIX_PATH=/home/josiah/urdf_ws/install/my_robot_description:/home/josiah/urdf_ws/install/my_robot_bringup:/opt/ros/humble /usr/bin/cmake /home/josiah/urdf_ws/src/my_robot_bringup -DCMAKE_INSTALL_PREFIX=/home/josiah/urdf_ws/install/my_robot_bringup
[2.143s] DEBUG:colcon.colcon_core.event_handler.log_command:Invoked command in '/home/josiah/urdf_ws/build/my_robot_bringup' returned '0': CMAKE_PREFIX_PATH=/home/josiah/urdf_ws/install/my_robot_description:/home/josiah/urdf_ws/install/my_robot_bringup:/opt/ros/humble /usr/bin/cmake /home/josiah/urdf_ws/src/my_robot_bringup -DCMAKE_INSTALL_PREFIX=/home/josiah/urdf_ws/install/my_robot_bringup
[2.146s] DEBUG:colcon.colcon_core.event_handler.log_command:Invoking command in '/home/josiah/urdf_ws/build/my_robot_bringup': CMAKE_PREFIX_PATH=/home/josiah/urdf_ws/install/my_robot_description:/home/josiah/urdf_ws/install/my_robot_bringup:/opt/ros/humble /usr/bin/cmake --build /home/josiah/urdf_ws/build/my_robot_bringup -- -j8 -l8
[2.226s] DEBUG:colcon.colcon_core.event_handler.log_command:Invoked command in '/home/josiah/urdf_ws/build/my_robot_bringup' returned '0': CMAKE_PREFIX_PATH=/home/josiah/urdf_ws/install/my_robot_description:/home/josiah/urdf_ws/install/my_robot_bringup:/opt/ros/humble /usr/bin/cmake --build /home/josiah/urdf_ws/build/my_robot_bringup -- -j8 -l8
[2.272s] DEBUG:colcon.colcon_core.event_handler.log_command:Invoking command in '/home/josiah/urdf_ws/build/my_robot_bringup': CMAKE_PREFIX_PATH=/home/josiah/urdf_ws/install/my_robot_description:/home/josiah/urdf_ws/install/my_robot_bringup:/opt/ros/humble /usr/bin/cmake --install /home/josiah/urdf_ws/build/my_robot_bringup
[2.321s] Level 1:colcon.colcon_core.environment:create_environment_scripts_only(my_robot_bringup)
[2.322s] Level 1:colcon.colcon_core.environment:checking '/home/josiah/urdf_ws/install/my_robot_bringup' for CMake module files
[2.323s] DEBUG:colcon.colcon_core.event_handler.log_command:Invoked command in '/home/josiah/urdf_ws/build/my_robot_bringup' returned '0': CMAKE_PREFIX_PATH=/home/josiah/urdf_ws/install/my_robot_description:/home/josiah/urdf_ws/install/my_robot_bringup:/opt/ros/humble /usr/bin/cmake --install /home/josiah/urdf_ws/build/my_robot_bringup
[2.324s] Level 1:colcon.colcon_core.environment:checking '/home/josiah/urdf_ws/install/my_robot_bringup' for CMake config files
[2.325s] Level 1:colcon.colcon_core.shell:create_environment_hook('my_robot_bringup', 'cmake_prefix_path')
[2.325s] INFO:colcon.colcon_core.shell:Creating environment hook '/home/josiah/urdf_ws/install/my_robot_bringup/share/my_robot_bringup/hook/cmake_prefix_path.ps1'
[2.326s] INFO:colcon.colcon_core.shell:Creating environment descriptor '/home/josiah/urdf_ws/install/my_robot_bringup/share/my_robot_bringup/hook/cmake_prefix_path.dsv'
[2.326s] INFO:colcon.colcon_core.shell:Creating environment hook '/home/josiah/urdf_ws/install/my_robot_bringup/share/my_robot_bringup/hook/cmake_prefix_path.sh'
[2.327s] Level 1:colcon.colcon_core.environment:checking '/home/josiah/urdf_ws/install/my_robot_bringup/bin'
[2.327s] Level 1:colcon.colcon_core.environment:checking '/home/josiah/urdf_ws/install/my_robot_bringup/lib/pkgconfig/my_robot_bringup.pc'
[2.327s] Level 1:colcon.colcon_core.environment:checking '/home/josiah/urdf_ws/install/my_robot_bringup/lib/python3.10/site-packages'
[2.328s] Level 1:colcon.colcon_core.environment:checking '/home/josiah/urdf_ws/install/my_robot_bringup/bin'
[2.328s] INFO:colcon.colcon_core.shell:Creating package script '/home/josiah/urdf_ws/install/my_robot_bringup/share/my_robot_bringup/package.ps1'
[2.329s] INFO:colcon.colcon_core.shell:Creating package descriptor '/home/josiah/urdf_ws/install/my_robot_bringup/share/my_robot_bringup/package.dsv'
[2.329s] INFO:colcon.colcon_core.shell:Creating package script '/home/josiah/urdf_ws/install/my_robot_bringup/share/my_robot_bringup/package.sh'
[2.330s] INFO:colcon.colcon_core.shell:Creating package script '/home/josiah/urdf_ws/install/my_robot_bringup/share/my_robot_bringup/package.bash'
[2.330s] INFO:colcon.colcon_core.shell:Creating package script '/home/josiah/urdf_ws/install/my_robot_bringup/share/my_robot_bringup/package.zsh'
[2.331s] Level 1:colcon.colcon_core.environment:create_file_with_runtime_dependencies(/home/josiah/urdf_ws/install/my_robot_bringup/share/colcon-core/packages/my_robot_bringup)
[2.370s] Level 1:colcon.colcon_core.environment:create_environment_scripts_only(my_robot_bringup)
[2.371s] Level 1:colcon.colcon_core.environment:checking '/home/josiah/urdf_ws/install/my_robot_bringup' for CMake module files
[2.372s] Level 1:colcon.colcon_core.environment:checking '/home/josiah/urdf_ws/install/my_robot_bringup' for CMake config files
[2.373s] Level 1:colcon.colcon_core.shell:create_environment_hook('my_robot_bringup', 'cmake_prefix_path')
[2.374s] INFO:colcon.colcon_core.shell:Creating environment hook '/home/josiah/urdf_ws/install/my_robot_bringup/share/my_robot_bringup/hook/cmake_prefix_path.ps1'
[2.375s] INFO:colcon.colcon_core.shell:Creating environment descriptor '/home/josiah/urdf_ws/install/my_robot_bringup/share/my_robot_bringup/hook/cmake_prefix_path.dsv'
[2.376s] INFO:colcon.colcon_core.shell:Creating environment hook '/home/josiah/urdf_ws/install/my_robot_bringup/share/my_robot_bringup/hook/cmake_prefix_path.sh'
[2.377s] Level 1:colcon.colcon_core.environment:checking '/home/josiah/urdf_ws/install/my_robot_bringup/bin'
[2.377s] Level 1:colcon.colcon_core.environment:checking '/home/josiah/urdf_ws/install/my_robot_bringup/lib/pkgconfig/my_robot_bringup.pc'
[2.377s] Level 1:colcon.colcon_core.environment:checking '/home/josiah/urdf_ws/install/my_robot_bringup/lib/python3.10/site-packages'
[2.378s] Level 1:colcon.colcon_core.environment:checking '/home/josiah/urdf_ws/install/my_robot_bringup/bin'
[2.379s] INFO:colcon.colcon_core.shell:Creating package script '/home/josiah/urdf_ws/install/my_robot_bringup/share/my_robot_bringup/package.ps1'
[2.379s] INFO:colcon.colcon_core.shell:Creating package descriptor '/home/josiah/urdf_ws/install/my_robot_bringup/share/my_robot_bringup/package.dsv'
[2.380s] INFO:colcon.colcon_core.shell:Creating package script '/home/josiah/urdf_ws/install/my_robot_bringup/share/my_robot_bringup/package.sh'
[2.381s] INFO:colcon.colcon_core.shell:Creating package script '/home/josiah/urdf_ws/install/my_robot_bringup/share/my_robot_bringup/package.bash'
[2.381s] INFO:colcon.colcon_core.shell:Creating package script '/home/josiah/urdf_ws/install/my_robot_bringup/share/my_robot_bringup/package.zsh'
[2.382s] Level 1:colcon.colcon_core.environment:create_file_with_runtime_dependencies(/home/josiah/urdf_ws/install/my_robot_bringup/share/colcon-core/packages/my_robot_bringup)
[2.382s] DEBUG:colcon.colcon_parallel_executor.executor.parallel:closing loop
[2.383s] DEBUG:colcon.colcon_parallel_executor.executor.parallel:loop closed
[2.383s] DEBUG:colcon.colcon_parallel_executor.executor.parallel:run_until_complete finished with '0'
[2.383s] DEBUG:colcon.colcon_core.event_reactor:joining thread
[2.397s] INFO:colcon.colcon_core.plugin_system:Skipping extension 'colcon_notification.desktop_notification.terminal_notifier': Not used on non-Darwin systems
[2.397s] INFO:colcon.colcon_core.plugin_system:Skipping extension 'colcon_notification.desktop_notification.win32': Not used on non-Windows systems
[2.397s] INFO:colcon.colcon_notification.desktop_notification:Sending desktop notification using 'notify2'
[2.526s] DEBUG:colcon.colcon_core.event_reactor:joined thread
[2.527s] INFO:colcon.colcon_core.shell:Creating prefix script '/home/josiah/urdf_ws/install/local_setup.ps1'
[2.529s] INFO:colcon.colcon_core.shell:Creating prefix util module '/home/josiah/urdf_ws/install/_local_setup_util_ps1.py'
[2.533s] INFO:colcon.colcon_core.shell:Creating prefix chain script '/home/josiah/urdf_ws/install/setup.ps1'
[2.535s] INFO:colcon.colcon_core.shell:Creating prefix script '/home/josiah/urdf_ws/install/local_setup.sh'
[2.537s] INFO:colcon.colcon_core.shell:Creating prefix util module '/home/josiah/urdf_ws/install/_local_setup_util_sh.py'
[2.538s] INFO:colcon.colcon_core.shell:Creating prefix chain script '/home/josiah/urdf_ws/install/setup.sh'
[2.541s] INFO:colcon.colcon_core.shell:Creating prefix script '/home/josiah/urdf_ws/install/local_setup.bash'
[2.542s] INFO:colcon.colcon_core.shell:Creating prefix chain script '/home/josiah/urdf_ws/install/setup.bash'
[2.544s] INFO:colcon.colcon_core.shell:Creating prefix script '/home/josiah/urdf_ws/install/local_setup.zsh'
[2.546s] INFO:colcon.colcon_core.shell:Creating prefix chain script '/home/josiah/urdf_ws/install/setup.zsh'
