[0.160s] DEBUG:colcon:Command line arguments: ['/usr/bin/colcon', 'build', '--symlink-install']
[0.160s] DEBUG:colcon:Parsed command line arguments: Namespace(log_base=None, log_level=None, verb_name='build', build_base='build', install_base='install', merge_install=False, symlink_install=True, test_result_base=None, continue_on_error=False, executor='parallel', parallel_workers=8, event_handlers=None, ignore_user_meta=False, metas=['./colcon.meta'], base_paths=['.'], packages_ignore=None, packages_ignore_regex=None, paths=None, packages_up_to=None, packages_up_to_regex=None, packages_above=None, packages_above_and_dependencies=None, packages_above_depth=None, packages_select_by_dep=None, packages_skip_by_dep=None, packages_skip_up_to=None, packages_select_build_failed=False, packages_skip_build_finished=False, packages_select_test_failures=False, packages_skip_test_passed=False, packages_select=None, packages_skip=None, packages_select_regex=None, packages_skip_regex=None, packages_start=None, packages_end=None, allow_overriding=[], cmake_args=None, cmake_target=None, cmake_target_skip_unavailable=False, cmake_clean_cache=False, cmake_clean_first=False, cmake_force_configure=False, ament_cmake_args=None, catkin_cmake_args=None, catkin_skip_building_tests=False, mixin_files=None, mixin=None, verb_parser=<colcon_mixin.mixin.mixin_argument.MixinArgumentDecorator object at 0x77752c96c6a0>, verb_extension=<colcon_core.verb.build.BuildVerb object at 0x77752cae1b70>, main=<bound method BuildVerb.main of <colcon_core.verb.build.BuildVerb object at 0x77752cae1b70>>, mixin_verb=('build',))
[0.208s] Level 1:colcon.colcon_core.package_discovery:discover_packages(colcon_meta) check parameters
[0.208s] Level 1:colcon.colcon_core.package_discovery:discover_packages(recursive) check parameters
[0.208s] Level 1:colcon.colcon_core.package_discovery:discover_packages(ignore) check parameters
[0.208s] Level 1:colcon.colcon_core.package_discovery:discover_packages(path) check parameters
[0.208s] Level 1:colcon.colcon_core.package_discovery:discover_packages(colcon_meta) discover
[0.208s] Level 1:colcon.colcon_core.package_discovery:discover_packages(recursive) discover
[0.208s] INFO:colcon.colcon_core.package_discovery:Crawling recursively for packages in '/home/josiah/urdf_ws'
[0.208s] Level 1:colcon.colcon_core.package_identification:_identify(.) by extensions ['ignore', 'ignore_ament_install']
[0.208s] Level 1:colcon.colcon_core.package_identification:_identify(.) by extension 'ignore'
[0.208s] Level 1:colcon.colcon_core.package_identification:_identify(.) by extension 'ignore_ament_install'
[0.208s] Level 1:colcon.colcon_core.package_identification:_identify(.) by extensions ['colcon_pkg']
[0.208s] Level 1:colcon.colcon_core.package_identification:_identify(.) by extension 'colcon_pkg'
[0.208s] Level 1:colcon.colcon_core.package_identification:_identify(.) by extensions ['colcon_meta']
[0.208s] Level 1:colcon.colcon_core.package_identification:_identify(.) by extension 'colcon_meta'
[0.209s] Level 1:colcon.colcon_core.package_identification:_identify(.) by extensions ['ros']
[0.209s] Level 1:colcon.colcon_core.package_identification:_identify(.) by extension 'ros'
[0.224s] Level 1:colcon.colcon_core.package_identification:_identify(.) by extensions ['cmake', 'python']
[0.225s] Level 1:colcon.colcon_core.package_identification:_identify(.) by extension 'cmake'
[0.225s] Level 1:colcon.colcon_core.package_identification:_identify(.) by extension 'python'
[0.225s] Level 1:colcon.colcon_core.package_identification:_identify(.) by extensions ['python_setup_py']
[0.225s] Level 1:colcon.colcon_core.package_identification:_identify(.) by extension 'python_setup_py'
[0.225s] Level 1:colcon.colcon_core.package_identification:_identify(build) by extensions ['ignore', 'ignore_ament_install']
[0.225s] Level 1:colcon.colcon_core.package_identification:_identify(build) by extension 'ignore'
[0.225s] Level 1:colcon.colcon_core.package_identification:_identify(build) ignored
[0.225s] Level 1:colcon.colcon_core.package_identification:_identify(install) by extensions ['ignore', 'ignore_ament_install']
[0.225s] Level 1:colcon.colcon_core.package_identification:_identify(install) by extension 'ignore'
[0.225s] Level 1:colcon.colcon_core.package_identification:_identify(install) ignored
[0.225s] Level 1:colcon.colcon_core.package_identification:_identify(log) by extensions ['ignore', 'ignore_ament_install']
[0.225s] Level 1:colcon.colcon_core.package_identification:_identify(log) by extension 'ignore'
[0.226s] Level 1:colcon.colcon_core.package_identification:_identify(log) ignored
[0.226s] Level 1:colcon.colcon_core.package_identification:_identify(src) by extensions ['ignore', 'ignore_ament_install']
[0.226s] Level 1:colcon.colcon_core.package_identification:_identify(src) by extension 'ignore'
[0.226s] Level 1:colcon.colcon_core.package_identification:_identify(src) by extension 'ignore_ament_install'
[0.226s] Level 1:colcon.colcon_core.package_identification:_identify(src) by extensions ['colcon_pkg']
[0.226s] Level 1:colcon.colcon_core.package_identification:_identify(src) by extension 'colcon_pkg'
[0.226s] Level 1:colcon.colcon_core.package_identification:_identify(src) by extensions ['colcon_meta']
[0.226s] Level 1:colcon.colcon_core.package_identification:_identify(src) by extension 'colcon_meta'
[0.226s] Level 1:colcon.colcon_core.package_identification:_identify(src) by extensions ['ros']
[0.226s] Level 1:colcon.colcon_core.package_identification:_identify(src) by extension 'ros'
[0.226s] Level 1:colcon.colcon_core.package_identification:_identify(src) by extensions ['cmake', 'python']
[0.226s] Level 1:colcon.colcon_core.package_identification:_identify(src) by extension 'cmake'
[0.226s] Level 1:colcon.colcon_core.package_identification:_identify(src) by extension 'python'
[0.226s] Level 1:colcon.colcon_core.package_identification:_identify(src) by extensions ['python_setup_py']
[0.226s] Level 1:colcon.colcon_core.package_identification:_identify(src) by extension 'python_setup_py'
[0.226s] Level 1:colcon.colcon_core.package_identification:_identify(src/my_robot_bringup) by extensions ['ignore', 'ignore_ament_install']
[0.226s] Level 1:colcon.colcon_core.package_identification:_identify(src/my_robot_bringup) by extension 'ignore'
[0.227s] Level 1:colcon.colcon_core.package_identification:_identify(src/my_robot_bringup) by extension 'ignore_ament_install'
[0.227s] Level 1:colcon.colcon_core.package_identification:_identify(src/my_robot_bringup) by extensions ['colcon_pkg']
[0.227s] Level 1:colcon.colcon_core.package_identification:_identify(src/my_robot_bringup) by extension 'colcon_pkg'
[0.227s] Level 1:colcon.colcon_core.package_identification:_identify(src/my_robot_bringup) by extensions ['colcon_meta']
[0.227s] Level 1:colcon.colcon_core.package_identification:_identify(src/my_robot_bringup) by extension 'colcon_meta'
[0.227s] Level 1:colcon.colcon_core.package_identification:_identify(src/my_robot_bringup) by extensions ['ros']
[0.227s] Level 1:colcon.colcon_core.package_identification:_identify(src/my_robot_bringup) by extension 'ros'
[0.230s] DEBUG:colcon.colcon_core.package_identification:Package 'src/my_robot_bringup' with type 'ros.ament_cmake' and name 'my_robot_bringup'
[0.230s] Level 1:colcon.colcon_core.package_identification:_identify(src/my_robot_description) by extensions ['ignore', 'ignore_ament_install']
[0.230s] Level 1:colcon.colcon_core.package_identification:_identify(src/my_robot_description) by extension 'ignore'
[0.230s] Level 1:colcon.colcon_core.package_identification:_identify(src/my_robot_description) by extension 'ignore_ament_install'
[0.230s] Level 1:colcon.colcon_core.package_identification:_identify(src/my_robot_description) by extensions ['colcon_pkg']
[0.231s] Level 1:colcon.colcon_core.package_identification:_identify(src/my_robot_description) by extension 'colcon_pkg'
[0.231s] Level 1:colcon.colcon_core.package_identification:_identify(src/my_robot_description) by extensions ['colcon_meta']
[0.231s] Level 1:colcon.colcon_core.package_identification:_identify(src/my_robot_description) by extension 'colcon_meta'
[0.231s] Level 1:colcon.colcon_core.package_identification:_identify(src/my_robot_description) by extensions ['ros']
[0.231s] Level 1:colcon.colcon_core.package_identification:_identify(src/my_robot_description) by extension 'ros'
[0.231s] DEBUG:colcon.colcon_core.package_identification:Package 'src/my_robot_description' with type 'ros.ament_cmake' and name 'my_robot_description'
[0.231s] Level 1:colcon.colcon_core.package_discovery:discover_packages(recursive) using defaults
[0.231s] Level 1:colcon.colcon_core.package_discovery:discover_packages(ignore) discover
[0.231s] Level 1:colcon.colcon_core.package_discovery:discover_packages(ignore) using defaults
[0.231s] Level 1:colcon.colcon_core.package_discovery:discover_packages(path) discover
[0.231s] Level 1:colcon.colcon_core.package_discovery:discover_packages(path) using defaults
[0.254s] Level 1:colcon.colcon_core.package_discovery:discover_packages(prefix_path) check parameters
[0.254s] Level 1:colcon.colcon_core.package_discovery:discover_packages(prefix_path) discover
[0.256s] DEBUG:colcon.colcon_installed_package_information.package_discovery:Found 2 installed packages in /home/josiah/urdf_ws/install
[0.257s] DEBUG:colcon.colcon_installed_package_information.package_discovery:Found 334 installed packages in /opt/ros/humble
[0.259s] Level 1:colcon.colcon_core.package_discovery:discover_packages(prefix_path) using defaults
[0.310s] Level 5:colcon.colcon_core.verb:set package 'my_robot_description' build argument 'cmake_args' from command line to 'None'
[0.310s] Level 5:colcon.colcon_core.verb:set package 'my_robot_description' build argument 'cmake_target' from command line to 'None'
[0.310s] Level 5:colcon.colcon_core.verb:set package 'my_robot_description' build argument 'cmake_target_skip_unavailable' from command line to 'False'
[0.310s] Level 5:colcon.colcon_core.verb:set package 'my_robot_description' build argument 'cmake_clean_cache' from command line to 'False'
[0.310s] Level 5:colcon.colcon_core.verb:set package 'my_robot_description' build argument 'cmake_clean_first' from command line to 'False'
[0.310s] Level 5:colcon.colcon_core.verb:set package 'my_robot_description' build argument 'cmake_force_configure' from command line to 'False'
[0.310s] Level 5:colcon.colcon_core.verb:set package 'my_robot_description' build argument 'ament_cmake_args' from command line to 'None'
[0.310s] Level 5:colcon.colcon_core.verb:set package 'my_robot_description' build argument 'catkin_cmake_args' from command line to 'None'
[0.310s] Level 5:colcon.colcon_core.verb:set package 'my_robot_description' build argument 'catkin_skip_building_tests' from command line to 'False'
[0.310s] DEBUG:colcon.colcon_core.verb:Building package 'my_robot_description' with the following arguments: {'ament_cmake_args': None, 'build_base': '/home/josiah/urdf_ws/build/my_robot_description', 'catkin_cmake_args': None, 'catkin_skip_building_tests': False, 'cmake_args': None, 'cmake_clean_cache': False, 'cmake_clean_first': False, 'cmake_force_configure': False, 'cmake_target': None, 'cmake_target_skip_unavailable': False, 'install_base': '/home/josiah/urdf_ws/install/my_robot_description', 'merge_install': False, 'path': '/home/josiah/urdf_ws/src/my_robot_description', 'symlink_install': True, 'test_result_base': None}
[0.311s] Level 5:colcon.colcon_core.verb:set package 'my_robot_bringup' build argument 'cmake_args' from command line to 'None'
[0.311s] Level 5:colcon.colcon_core.verb:set package 'my_robot_bringup' build argument 'cmake_target' from command line to 'None'
[0.311s] Level 5:colcon.colcon_core.verb:set package 'my_robot_bringup' build argument 'cmake_target_skip_unavailable' from command line to 'False'
[0.311s] Level 5:colcon.colcon_core.verb:set package 'my_robot_bringup' build argument 'cmake_clean_cache' from command line to 'False'
[0.311s] Level 5:colcon.colcon_core.verb:set package 'my_robot_bringup' build argument 'cmake_clean_first' from command line to 'False'
[0.311s] Level 5:colcon.colcon_core.verb:set package 'my_robot_bringup' build argument 'cmake_force_configure' from command line to 'False'
[0.311s] Level 5:colcon.colcon_core.verb:set package 'my_robot_bringup' build argument 'ament_cmake_args' from command line to 'None'
[0.311s] Level 5:colcon.colcon_core.verb:set package 'my_robot_bringup' build argument 'catkin_cmake_args' from command line to 'None'
[0.311s] Level 5:colcon.colcon_core.verb:set package 'my_robot_bringup' build argument 'catkin_skip_building_tests' from command line to 'False'
[0.311s] DEBUG:colcon.colcon_core.verb:Building package 'my_robot_bringup' with the following arguments: {'ament_cmake_args': None, 'build_base': '/home/josiah/urdf_ws/build/my_robot_bringup', 'catkin_cmake_args': None, 'catkin_skip_building_tests': False, 'cmake_args': None, 'cmake_clean_cache': False, 'cmake_clean_first': False, 'cmake_force_configure': False, 'cmake_target': None, 'cmake_target_skip_unavailable': False, 'install_base': '/home/josiah/urdf_ws/install/my_robot_bringup', 'merge_install': False, 'path': '/home/josiah/urdf_ws/src/my_robot_bringup', 'symlink_install': True, 'test_result_base': None}
[0.311s] INFO:colcon.colcon_core.executor:Executing jobs using 'parallel' executor
[0.313s] DEBUG:colcon.colcon_parallel_executor.executor.parallel:run_until_complete
[0.313s] INFO:colcon.colcon_ros.task.ament_cmake.build:Building ROS package in '/home/josiah/urdf_ws/src/my_robot_description' with build type 'ament_cmake'
[0.313s] INFO:colcon.colcon_cmake.task.cmake.build:Building CMake package in '/home/josiah/urdf_ws/src/my_robot_description'
[0.315s] INFO:colcon.colcon_core.plugin_system:Skipping extension 'colcon_core.shell.bat': Not used on non-Windows systems
[0.316s] INFO:colcon.colcon_core.shell:Skip shell extension 'powershell' for command environment: Not usable outside of PowerShell
[0.316s] DEBUG:colcon.colcon_core.shell:Skip shell extension 'dsv' for command environment
[0.331s] DEBUG:colcon.colcon_core.event_handler.log_command:Invoking command in '/home/josiah/urdf_ws/build/my_robot_description': CMAKE_PREFIX_PATH=${CMAKE_PREFIX_PATH}:/opt/ros/humble /usr/bin/cmake --build /home/josiah/urdf_ws/build/my_robot_description -- -j8 -l8
[0.394s] DEBUG:colcon.colcon_core.event_handler.log_command:Invoked command in '/home/josiah/urdf_ws/build/my_robot_description' returned '0': CMAKE_PREFIX_PATH=${CMAKE_PREFIX_PATH}:/opt/ros/humble /usr/bin/cmake --build /home/josiah/urdf_ws/build/my_robot_description -- -j8 -l8
[0.452s] DEBUG:colcon.colcon_core.event_handler.log_command:Invoking command in '/home/josiah/urdf_ws/build/my_robot_description': CMAKE_PREFIX_PATH=${CMAKE_PREFIX_PATH}:/opt/ros/humble /usr/bin/cmake --install /home/josiah/urdf_ws/build/my_robot_description
[0.489s] Level 1:colcon.colcon_core.environment:create_environment_scripts_only(my_robot_description)
[0.490s] DEBUG:colcon.colcon_core.event_handler.log_command:Invoked command in '/home/josiah/urdf_ws/build/my_robot_description' returned '0': CMAKE_PREFIX_PATH=${CMAKE_PREFIX_PATH}:/opt/ros/humble /usr/bin/cmake --install /home/josiah/urdf_ws/build/my_robot_description
[0.496s] Level 1:colcon.colcon_core.environment:checking '/home/josiah/urdf_ws/install/my_robot_description' for CMake module files
[0.497s] Level 1:colcon.colcon_core.environment:checking '/home/josiah/urdf_ws/install/my_robot_description' for CMake config files
[0.497s] Level 1:colcon.colcon_core.shell:create_environment_hook('my_robot_description', 'cmake_prefix_path')
[0.497s] INFO:colcon.colcon_core.shell:Creating environment hook '/home/josiah/urdf_ws/install/my_robot_description/share/my_robot_description/hook/cmake_prefix_path.ps1'
[0.498s] INFO:colcon.colcon_core.shell:Creating environment descriptor '/home/josiah/urdf_ws/install/my_robot_description/share/my_robot_description/hook/cmake_prefix_path.dsv'
[0.499s] INFO:colcon.colcon_core.shell:Creating environment hook '/home/josiah/urdf_ws/install/my_robot_description/share/my_robot_description/hook/cmake_prefix_path.sh'
[0.500s] Level 1:colcon.colcon_core.environment:checking '/home/josiah/urdf_ws/install/my_robot_description/bin'
[0.500s] Level 1:colcon.colcon_core.environment:checking '/home/josiah/urdf_ws/install/my_robot_description/lib/pkgconfig/my_robot_description.pc'
[0.500s] Level 1:colcon.colcon_core.environment:checking '/home/josiah/urdf_ws/install/my_robot_description/lib/python3.10/site-packages'
[0.501s] Level 1:colcon.colcon_core.environment:checking '/home/josiah/urdf_ws/install/my_robot_description/bin'
[0.501s] INFO:colcon.colcon_core.shell:Creating package script '/home/josiah/urdf_ws/install/my_robot_description/share/my_robot_description/package.ps1'
[0.502s] INFO:colcon.colcon_core.shell:Creating package descriptor '/home/josiah/urdf_ws/install/my_robot_description/share/my_robot_description/package.dsv'
[0.503s] INFO:colcon.colcon_core.shell:Creating package script '/home/josiah/urdf_ws/install/my_robot_description/share/my_robot_description/package.sh'
[0.504s] INFO:colcon.colcon_core.shell:Creating package script '/home/josiah/urdf_ws/install/my_robot_description/share/my_robot_description/package.bash'
[0.505s] INFO:colcon.colcon_core.shell:Creating package script '/home/josiah/urdf_ws/install/my_robot_description/share/my_robot_description/package.zsh'
[0.506s] Level 1:colcon.colcon_core.environment:create_file_with_runtime_dependencies(/home/josiah/urdf_ws/install/my_robot_description/share/colcon-core/packages/my_robot_description)
[0.548s] Level 1:colcon.colcon_core.environment:create_environment_scripts_only(my_robot_description)
[0.548s] Level 1:colcon.colcon_core.environment:checking '/home/josiah/urdf_ws/install/my_robot_description' for CMake module files
[0.549s] Level 1:colcon.colcon_core.environment:checking '/home/josiah/urdf_ws/install/my_robot_description' for CMake config files
[0.549s] Level 1:colcon.colcon_core.shell:create_environment_hook('my_robot_description', 'cmake_prefix_path')
[0.549s] INFO:colcon.colcon_core.shell:Creating environment hook '/home/josiah/urdf_ws/install/my_robot_description/share/my_robot_description/hook/cmake_prefix_path.ps1'
[0.550s] INFO:colcon.colcon_core.shell:Creating environment descriptor '/home/josiah/urdf_ws/install/my_robot_description/share/my_robot_description/hook/cmake_prefix_path.dsv'
[0.551s] INFO:colcon.colcon_core.shell:Creating environment hook '/home/josiah/urdf_ws/install/my_robot_description/share/my_robot_description/hook/cmake_prefix_path.sh'
[0.551s] Level 1:colcon.colcon_core.environment:checking '/home/josiah/urdf_ws/install/my_robot_description/bin'
[0.551s] Level 1:colcon.colcon_core.environment:checking '/home/josiah/urdf_ws/install/my_robot_description/lib/pkgconfig/my_robot_description.pc'
[0.552s] Level 1:colcon.colcon_core.environment:checking '/home/josiah/urdf_ws/install/my_robot_description/lib/python3.10/site-packages'
[0.552s] Level 1:colcon.colcon_core.environment:checking '/home/josiah/urdf_ws/install/my_robot_description/bin'
[0.553s] INFO:colcon.colcon_core.shell:Creating package script '/home/josiah/urdf_ws/install/my_robot_description/share/my_robot_description/package.ps1'
[0.553s] INFO:colcon.colcon_core.shell:Creating package descriptor '/home/josiah/urdf_ws/install/my_robot_description/share/my_robot_description/package.dsv'
[0.554s] INFO:colcon.colcon_core.shell:Creating package script '/home/josiah/urdf_ws/install/my_robot_description/share/my_robot_description/package.sh'
[0.555s] INFO:colcon.colcon_core.shell:Creating package script '/home/josiah/urdf_ws/install/my_robot_description/share/my_robot_description/package.bash'
[0.555s] INFO:colcon.colcon_core.shell:Creating package script '/home/josiah/urdf_ws/install/my_robot_description/share/my_robot_description/package.zsh'
[0.556s] Level 1:colcon.colcon_core.environment:create_file_with_runtime_dependencies(/home/josiah/urdf_ws/install/my_robot_description/share/colcon-core/packages/my_robot_description)
[0.557s] INFO:colcon.colcon_ros.task.ament_cmake.build:Building ROS package in '/home/josiah/urdf_ws/src/my_robot_bringup' with build type 'ament_cmake'
[0.557s] INFO:colcon.colcon_cmake.task.cmake.build:Building CMake package in '/home/josiah/urdf_ws/src/my_robot_bringup'
[0.558s] INFO:colcon.colcon_core.shell:Skip shell extension 'powershell' for command environment: Not usable outside of PowerShell
[0.559s] DEBUG:colcon.colcon_core.shell:Skip shell extension 'dsv' for command environment
[0.577s] DEBUG:colcon.colcon_core.event_handler.log_command:Invoking command in '/home/josiah/urdf_ws/build/my_robot_bringup': CMAKE_PREFIX_PATH=${CMAKE_PREFIX_PATH}:/opt/ros/humble /usr/bin/cmake --build /home/josiah/urdf_ws/build/my_robot_bringup -- -j8 -l8
[0.922s] DEBUG:colcon.colcon_core.event_handler.log_command:Invoked command in '/home/josiah/urdf_ws/build/my_robot_bringup' returned '0': CMAKE_PREFIX_PATH=${CMAKE_PREFIX_PATH}:/opt/ros/humble /usr/bin/cmake --build /home/josiah/urdf_ws/build/my_robot_bringup -- -j8 -l8
[0.959s] DEBUG:colcon.colcon_core.event_handler.log_command:Invoking command in '/home/josiah/urdf_ws/build/my_robot_bringup': CMAKE_PREFIX_PATH=${CMAKE_PREFIX_PATH}:/opt/ros/humble /usr/bin/cmake --install /home/josiah/urdf_ws/build/my_robot_bringup
[1.018s] Level 1:colcon.colcon_core.environment:create_environment_scripts_only(my_robot_bringup)
[1.018s] Level 1:colcon.colcon_core.environment:checking '/home/josiah/urdf_ws/install/my_robot_bringup' for CMake module files
[1.019s] DEBUG:colcon.colcon_core.event_handler.log_command:Invoked command in '/home/josiah/urdf_ws/build/my_robot_bringup' returned '0': CMAKE_PREFIX_PATH=${CMAKE_PREFIX_PATH}:/opt/ros/humble /usr/bin/cmake --install /home/josiah/urdf_ws/build/my_robot_bringup
[1.019s] Level 1:colcon.colcon_core.environment:checking '/home/josiah/urdf_ws/install/my_robot_bringup' for CMake config files
[1.020s] Level 1:colcon.colcon_core.shell:create_environment_hook('my_robot_bringup', 'cmake_prefix_path')
[1.020s] INFO:colcon.colcon_core.shell:Creating environment hook '/home/josiah/urdf_ws/install/my_robot_bringup/share/my_robot_bringup/hook/cmake_prefix_path.ps1'
[1.021s] INFO:colcon.colcon_core.shell:Creating environment descriptor '/home/josiah/urdf_ws/install/my_robot_bringup/share/my_robot_bringup/hook/cmake_prefix_path.dsv'
[1.021s] INFO:colcon.colcon_core.shell:Creating environment hook '/home/josiah/urdf_ws/install/my_robot_bringup/share/my_robot_bringup/hook/cmake_prefix_path.sh'
[1.022s] Level 1:colcon.colcon_core.environment:checking '/home/josiah/urdf_ws/install/my_robot_bringup/bin'
[1.022s] Level 1:colcon.colcon_core.environment:checking '/home/josiah/urdf_ws/install/my_robot_bringup/lib/pkgconfig/my_robot_bringup.pc'
[1.023s] Level 1:colcon.colcon_core.environment:checking '/home/josiah/urdf_ws/install/my_robot_bringup/lib/python3.10/site-packages'
[1.023s] Level 1:colcon.colcon_core.environment:checking '/home/josiah/urdf_ws/install/my_robot_bringup/bin'
[1.023s] INFO:colcon.colcon_core.shell:Creating package script '/home/josiah/urdf_ws/install/my_robot_bringup/share/my_robot_bringup/package.ps1'
[1.024s] INFO:colcon.colcon_core.shell:Creating package descriptor '/home/josiah/urdf_ws/install/my_robot_bringup/share/my_robot_bringup/package.dsv'
[1.024s] INFO:colcon.colcon_core.shell:Creating package script '/home/josiah/urdf_ws/install/my_robot_bringup/share/my_robot_bringup/package.sh'
[1.025s] INFO:colcon.colcon_core.shell:Creating package script '/home/josiah/urdf_ws/install/my_robot_bringup/share/my_robot_bringup/package.bash'
[1.025s] INFO:colcon.colcon_core.shell:Creating package script '/home/josiah/urdf_ws/install/my_robot_bringup/share/my_robot_bringup/package.zsh'
[1.026s] Level 1:colcon.colcon_core.environment:create_file_with_runtime_dependencies(/home/josiah/urdf_ws/install/my_robot_bringup/share/colcon-core/packages/my_robot_bringup)
[1.073s] Level 1:colcon.colcon_core.environment:create_environment_scripts_only(my_robot_bringup)
[1.073s] Level 1:colcon.colcon_core.environment:checking '/home/josiah/urdf_ws/install/my_robot_bringup' for CMake module files
[1.074s] Level 1:colcon.colcon_core.environment:checking '/home/josiah/urdf_ws/install/my_robot_bringup' for CMake config files
[1.075s] Level 1:colcon.colcon_core.shell:create_environment_hook('my_robot_bringup', 'cmake_prefix_path')
[1.075s] INFO:colcon.colcon_core.shell:Creating environment hook '/home/josiah/urdf_ws/install/my_robot_bringup/share/my_robot_bringup/hook/cmake_prefix_path.ps1'
[1.076s] INFO:colcon.colcon_core.shell:Creating environment descriptor '/home/josiah/urdf_ws/install/my_robot_bringup/share/my_robot_bringup/hook/cmake_prefix_path.dsv'
[1.076s] INFO:colcon.colcon_core.shell:Creating environment hook '/home/josiah/urdf_ws/install/my_robot_bringup/share/my_robot_bringup/hook/cmake_prefix_path.sh'
[1.077s] Level 1:colcon.colcon_core.environment:checking '/home/josiah/urdf_ws/install/my_robot_bringup/bin'
[1.077s] Level 1:colcon.colcon_core.environment:checking '/home/josiah/urdf_ws/install/my_robot_bringup/lib/pkgconfig/my_robot_bringup.pc'
[1.078s] Level 1:colcon.colcon_core.environment:checking '/home/josiah/urdf_ws/install/my_robot_bringup/lib/python3.10/site-packages'
[1.078s] Level 1:colcon.colcon_core.environment:checking '/home/josiah/urdf_ws/install/my_robot_bringup/bin'
[1.079s] INFO:colcon.colcon_core.shell:Creating package script '/home/josiah/urdf_ws/install/my_robot_bringup/share/my_robot_bringup/package.ps1'
[1.079s] INFO:colcon.colcon_core.shell:Creating package descriptor '/home/josiah/urdf_ws/install/my_robot_bringup/share/my_robot_bringup/package.dsv'
[1.080s] INFO:colcon.colcon_core.shell:Creating package script '/home/josiah/urdf_ws/install/my_robot_bringup/share/my_robot_bringup/package.sh'
[1.081s] INFO:colcon.colcon_core.shell:Creating package script '/home/josiah/urdf_ws/install/my_robot_bringup/share/my_robot_bringup/package.bash'
[1.082s] INFO:colcon.colcon_core.shell:Creating package script '/home/josiah/urdf_ws/install/my_robot_bringup/share/my_robot_bringup/package.zsh'
[1.082s] Level 1:colcon.colcon_core.environment:create_file_with_runtime_dependencies(/home/josiah/urdf_ws/install/my_robot_bringup/share/colcon-core/packages/my_robot_bringup)
[1.083s] DEBUG:colcon.colcon_parallel_executor.executor.parallel:closing loop
[1.083s] DEBUG:colcon.colcon_parallel_executor.executor.parallel:loop closed
[1.084s] DEBUG:colcon.colcon_parallel_executor.executor.parallel:run_until_complete finished with '0'
[1.084s] DEBUG:colcon.colcon_core.event_reactor:joining thread
[1.093s] INFO:colcon.colcon_core.plugin_system:Skipping extension 'colcon_notification.desktop_notification.terminal_notifier': Not used on non-Darwin systems
[1.093s] INFO:colcon.colcon_core.plugin_system:Skipping extension 'colcon_notification.desktop_notification.win32': Not used on non-Windows systems
[1.093s] INFO:colcon.colcon_notification.desktop_notification:Sending desktop notification using 'notify2'
[1.113s] DEBUG:colcon.colcon_core.event_reactor:joined thread
[1.114s] INFO:colcon.colcon_core.shell:Creating prefix script '/home/josiah/urdf_ws/install/local_setup.ps1'
[1.115s] INFO:colcon.colcon_core.shell:Creating prefix util module '/home/josiah/urdf_ws/install/_local_setup_util_ps1.py'
[1.120s] INFO:colcon.colcon_core.shell:Creating prefix chain script '/home/josiah/urdf_ws/install/setup.ps1'
[1.123s] INFO:colcon.colcon_core.shell:Creating prefix script '/home/josiah/urdf_ws/install/local_setup.sh'
[1.124s] INFO:colcon.colcon_core.shell:Creating prefix util module '/home/josiah/urdf_ws/install/_local_setup_util_sh.py'
[1.126s] INFO:colcon.colcon_core.shell:Creating prefix chain script '/home/josiah/urdf_ws/install/setup.sh'
[1.128s] INFO:colcon.colcon_core.shell:Creating prefix script '/home/josiah/urdf_ws/install/local_setup.bash'
[1.129s] INFO:colcon.colcon_core.shell:Creating prefix chain script '/home/josiah/urdf_ws/install/setup.bash'
[1.132s] INFO:colcon.colcon_core.shell:Creating prefix script '/home/josiah/urdf_ws/install/local_setup.zsh'
[1.133s] INFO:colcon.colcon_core.shell:Creating prefix chain script '/home/josiah/urdf_ws/install/setup.zsh'
