[0.020s] Invoking command in '/home/josiah/urdf_ws/build/my_robot_bringup': CMAKE_PREFIX_PATH=/home/josiah/urdf_ws/install/my_robot_description:/home/josiah/urdf_ws/install/my_robot_bringup:/opt/ros/humble /usr/bin/cmake /home/josiah/urdf_ws/src/my_robot_bringup -DCMAKE_INSTALL_PREFIX=/home/josiah/urdf_ws/install/my_robot_bringup
[0.049s] -- Found ament_cmake: 1.3.10 (/opt/ros/humble/share/ament_cmake/cmake)
[0.289s] -- Override CMake install command with custom implementation using symlinks instead of copying resources
[0.445s] -- Configuring done
[0.451s] -- Generating done
[0.455s] -- Build files have been written to: /home/josiah/urdf_ws/build/my_robot_bringup
[0.460s] Invoked command in '/home/josiah/urdf_ws/build/my_robot_bringup' returned '0': CMAKE_PREFIX_PATH=/home/josiah/urdf_ws/install/my_robot_description:/home/josiah/urdf_ws/install/my_robot_bringup:/opt/ros/humble /usr/bin/cmake /home/josiah/urdf_ws/src/my_robot_bringup -DCMAKE_INSTALL_PREFIX=/home/josiah/urdf_ws/install/my_robot_bringup
[0.463s] Invoking command in '/home/josiah/urdf_ws/build/my_robot_bringup': CMAKE_PREFIX_PATH=/home/josiah/urdf_ws/install/my_robot_description:/home/josiah/urdf_ws/install/my_robot_bringup:/opt/ros/humble /usr/bin/cmake --build /home/josiah/urdf_ws/build/my_robot_bringup -- -j8 -l8
[0.545s] Invoked command in '/home/josiah/urdf_ws/build/my_robot_bringup' returned '0': CMAKE_PREFIX_PATH=/home/josiah/urdf_ws/install/my_robot_description:/home/josiah/urdf_ws/install/my_robot_bringup:/opt/ros/humble /usr/bin/cmake --build /home/josiah/urdf_ws/build/my_robot_bringup -- -j8 -l8
[0.595s] Invoking command in '/home/josiah/urdf_ws/build/my_robot_bringup': CMAKE_PREFIX_PATH=/home/josiah/urdf_ws/install/my_robot_description:/home/josiah/urdf_ws/install/my_robot_bringup:/opt/ros/humble /usr/bin/cmake --install /home/josiah/urdf_ws/build/my_robot_bringup
[0.613s] -- Install configuration: ""
[0.613s] -- Execute custom install script
[0.616s] -- Up-to-date symlink: /home/josiah/urdf_ws/install/my_robot_bringup/share/my_robot_bringup/launch/my_robot_gazebo.launch.xml
[0.617s] -- Up-to-date symlink: /home/josiah/urdf_ws/install/my_robot_bringup/share/my_robot_bringup/rviz/urdf.config.rviz
[0.618s] -- Up-to-date symlink: /home/josiah/urdf_ws/install/my_robot_bringup/share/my_robot_bringup/worlds/test_world.world
[0.618s] -- Up-to-date symlink: /home/josiah/urdf_ws/install/my_robot_bringup/share/ament_index/resource_index/package_run_dependencies/my_robot_bringup
[0.620s] -- Up-to-date symlink: /home/josiah/urdf_ws/install/my_robot_bringup/share/ament_index/resource_index/parent_prefix_path/my_robot_bringup
[0.621s] -- Up-to-date symlink: /home/josiah/urdf_ws/install/my_robot_bringup/share/my_robot_bringup/environment/ament_prefix_path.sh
[0.621s] -- Up-to-date symlink: /home/josiah/urdf_ws/install/my_robot_bringup/share/my_robot_bringup/environment/ament_prefix_path.dsv
[0.622s] -- Up-to-date symlink: /home/josiah/urdf_ws/install/my_robot_bringup/share/my_robot_bringup/environment/path.sh
[0.623s] -- Up-to-date symlink: /home/josiah/urdf_ws/install/my_robot_bringup/share/my_robot_bringup/environment/path.dsv
[0.623s] -- Up-to-date symlink: /home/josiah/urdf_ws/install/my_robot_bringup/share/my_robot_bringup/local_setup.bash
[0.624s] -- Up-to-date symlink: /home/josiah/urdf_ws/install/my_robot_bringup/share/my_robot_bringup/local_setup.sh
[0.624s] -- Up-to-date symlink: /home/josiah/urdf_ws/install/my_robot_bringup/share/my_robot_bringup/local_setup.zsh
[0.625s] -- Up-to-date symlink: /home/josiah/urdf_ws/install/my_robot_bringup/share/my_robot_bringup/local_setup.dsv
[0.625s] -- Symlinking: /home/josiah/urdf_ws/install/my_robot_bringup/share/my_robot_bringup/package.dsv
[0.644s] -- Up-to-date symlink: /home/josiah/urdf_ws/install/my_robot_bringup/share/ament_index/resource_index/packages/my_robot_bringup
[0.645s] -- Up-to-date symlink: /home/josiah/urdf_ws/install/my_robot_bringup/share/my_robot_bringup/cmake/my_robot_bringupConfig.cmake
[0.645s] -- Up-to-date symlink: /home/josiah/urdf_ws/install/my_robot_bringup/share/my_robot_bringup/cmake/my_robot_bringupConfig-version.cmake
[0.646s] -- Up-to-date symlink: /home/josiah/urdf_ws/install/my_robot_bringup/share/my_robot_bringup/package.xml
[0.651s] Invoked command in '/home/josiah/urdf_ws/build/my_robot_bringup' returned '0': CMAKE_PREFIX_PATH=/home/josiah/urdf_ws/install/my_robot_description:/home/josiah/urdf_ws/install/my_robot_bringup:/opt/ros/humble /usr/bin/cmake --install /home/josiah/urdf_ws/build/my_robot_bringup
