[0.010s] Invoking command in '/home/josiah/urdf_ws/build/my_robot_bringup': CMAKE_PREFIX_PATH=/home/josiah/urdf_ws/install/my_robot_description:/home/josiah/urdf_ws/install/my_robot_bringup:/opt/ros/humble /usr/bin/cmake --build /home/josiah/urdf_ws/build/my_robot_bringup -- -j8 -l8
[0.059s] Invoked command in '/home/josiah/urdf_ws/build/my_robot_bringup' returned '0': CMAKE_PREFIX_PATH=/home/josiah/urdf_ws/install/my_robot_description:/home/josiah/urdf_ws/install/my_robot_bringup:/opt/ros/humble /usr/bin/cmake --build /home/josiah/urdf_ws/build/my_robot_bringup -- -j8 -l8
[0.089s] Invoking command in '/home/josiah/urdf_ws/build/my_robot_bringup': CMAKE_PREFIX_PATH=/home/josiah/urdf_ws/install/my_robot_description:/home/josiah/urdf_ws/install/my_robot_bringup:/opt/ros/humble /usr/bin/cmake --install /home/josiah/urdf_ws/build/my_robot_bringup
[0.098s] -- Install configuration: ""
[0.099s] -- Execute custom install script
[0.099s] -- Up-to-date symlink: /home/josiah/urdf_ws/install/my_robot_bringup/share/my_robot_bringup/launch/my_robot_gazebo.launch.xml
[0.100s] -- Up-to-date symlink: /home/josiah/urdf_ws/install/my_robot_bringup/share/my_robot_bringup/rviz/urdf.config.rviz
[0.100s] -- Up-to-date symlink: /home/josiah/urdf_ws/install/my_robot_bringup/share/my_robot_bringup/worlds/test_world.world
[0.100s] -- Up-to-date symlink: /home/josiah/urdf_ws/install/my_robot_bringup/share/ament_index/resource_index/package_run_dependencies/my_robot_bringup
[0.100s] -- Up-to-date symlink: /home/josiah/urdf_ws/install/my_robot_bringup/share/ament_index/resource_index/parent_prefix_path/my_robot_bringup
[0.101s] -- Up-to-date symlink: /home/josiah/urdf_ws/install/my_robot_bringup/share/my_robot_bringup/environment/ament_prefix_path.sh
[0.101s] -- Up-to-date symlink: /home/josiah/urdf_ws/install/my_robot_bringup/share/my_robot_bringup/environment/ament_prefix_path.dsv
[0.101s] -- Up-to-date symlink: /home/josiah/urdf_ws/install/my_robot_bringup/share/my_robot_bringup/environment/path.sh
[0.101s] -- Up-to-date symlink: /home/josiah/urdf_ws/install/my_robot_bringup/share/my_robot_bringup/environment/path.dsv
[0.101s] -- Up-to-date symlink: /home/josiah/urdf_ws/install/my_robot_bringup/share/my_robot_bringup/local_setup.bash
[0.101s] -- Up-to-date symlink: /home/josiah/urdf_ws/install/my_robot_bringup/share/my_robot_bringup/local_setup.sh
[0.101s] -- Up-to-date symlink: /home/josiah/urdf_ws/install/my_robot_bringup/share/my_robot_bringup/local_setup.zsh
[0.102s] -- Up-to-date symlink: /home/josiah/urdf_ws/install/my_robot_bringup/share/my_robot_bringup/local_setup.dsv
[0.102s] -- Symlinking: /home/josiah/urdf_ws/install/my_robot_bringup/share/my_robot_bringup/package.dsv
[0.114s] -- Up-to-date symlink: /home/josiah/urdf_ws/install/my_robot_bringup/share/ament_index/resource_index/packages/my_robot_bringup
[0.114s] -- Up-to-date symlink: /home/josiah/urdf_ws/install/my_robot_bringup/share/my_robot_bringup/cmake/my_robot_bringupConfig.cmake
[0.115s] -- Up-to-date symlink: /home/josiah/urdf_ws/install/my_robot_bringup/share/my_robot_bringup/cmake/my_robot_bringupConfig-version.cmake
[0.115s] -- Up-to-date symlink: /home/josiah/urdf_ws/install/my_robot_bringup/share/my_robot_bringup/package.xml
[0.117s] Invoked command in '/home/josiah/urdf_ws/build/my_robot_bringup' returned '0': CMAKE_PREFIX_PATH=/home/josiah/urdf_ws/install/my_robot_description:/home/josiah/urdf_ws/install/my_robot_bringup:/opt/ros/humble /usr/bin/cmake --install /home/josiah/urdf_ws/build/my_robot_bringup
