[0.025s] Invoking command in '/home/josiah/urdf_ws/build/my_robot_description': CMAKE_PREFIX_PATH=${CMAKE_PREFIX_PATH}:/opt/ros/humble /usr/bin/cmake /home/josiah/urdf_ws/src/my_robot_description -DCMAKE_INSTALL_PREFIX=/home/josiah/urdf_ws/install/my_robot_description
[0.126s] -- Found ament_cmake: 1.3.10 (/opt/ros/humble/share/ament_cmake/cmake)
[0.351s] -- Override CMake install command with custom implementation using symlinks instead of copying resources
[0.508s] -- Configuring done
[0.519s] -- Generating done
[0.521s] -- Build files have been written to: /home/josiah/urdf_ws/build/my_robot_description
[0.526s] Invoked command in '/home/josiah/urdf_ws/build/my_robot_description' returned '0': CMAKE_PREFIX_PATH=${CMAKE_PREFIX_PATH}:/opt/ros/humble /usr/bin/cmake /home/josiah/urdf_ws/src/my_robot_description -DCMAKE_INSTALL_PREFIX=/home/josiah/urdf_ws/install/my_robot_description
[0.532s] Invoking command in '/home/josiah/urdf_ws/build/my_robot_description': CMAKE_PREFIX_PATH=${CMAKE_PREFIX_PATH}:/opt/ros/humble /usr/bin/cmake --build /home/josiah/urdf_ws/build/my_robot_description -- -j8 -l8
[0.605s] Invoked command in '/home/josiah/urdf_ws/build/my_robot_description' returned '0': CMAKE_PREFIX_PATH=${CMAKE_PREFIX_PATH}:/opt/ros/humble /usr/bin/cmake --build /home/josiah/urdf_ws/build/my_robot_description -- -j8 -l8
[0.668s] Invoking command in '/home/josiah/urdf_ws/build/my_robot_description': CMAKE_PREFIX_PATH=${CMAKE_PREFIX_PATH}:/opt/ros/humble /usr/bin/cmake --install /home/josiah/urdf_ws/build/my_robot_description
[0.682s] -- Install configuration: ""
[0.683s] -- Execute custom install script
[0.687s] -- Up-to-date symlink: /home/josiah/urdf_ws/install/my_robot_description/share/my_robot_description//urdf/common_properties.xacro
[0.688s] -- Up-to-date symlink: /home/josiah/urdf_ws/install/my_robot_description/share/my_robot_description//urdf/mobile_base.xacro
[0.688s] -- Up-to-date symlink: /home/josiah/urdf_ws/install/my_robot_description/share/my_robot_description//urdf/mobile_base_gazebo.xacro
[0.689s] -- Up-to-date symlink: /home/josiah/urdf_ws/install/my_robot_description/share/my_robot_description//urdf/my_robot.urdf.xacro
[0.690s] -- Up-to-date symlink: /home/josiah/urdf_ws/install/my_robot_description/share/my_robot_description//launch/display.launch.py
[0.690s] -- Up-to-date symlink: /home/josiah/urdf_ws/install/my_robot_description/share/my_robot_description//launch/display.launch.xml
[0.691s] -- Up-to-date symlink: /home/josiah/urdf_ws/install/my_robot_description/share/my_robot_description//rviz/urdf_config.rviz
[0.691s] -- Up-to-date symlink: /home/josiah/urdf_ws/install/my_robot_description/share/ament_index/resource_index/package_run_dependencies/my_robot_description
[0.692s] -- Up-to-date symlink: /home/josiah/urdf_ws/install/my_robot_description/share/ament_index/resource_index/parent_prefix_path/my_robot_description
[0.693s] -- Up-to-date symlink: /home/josiah/urdf_ws/install/my_robot_description/share/my_robot_description/environment/ament_prefix_path.sh
[0.694s] -- Up-to-date symlink: /home/josiah/urdf_ws/install/my_robot_description/share/my_robot_description/environment/ament_prefix_path.dsv
[0.694s] -- Up-to-date symlink: /home/josiah/urdf_ws/install/my_robot_description/share/my_robot_description/environment/path.sh
[0.695s] -- Up-to-date symlink: /home/josiah/urdf_ws/install/my_robot_description/share/my_robot_description/environment/path.dsv
[0.695s] -- Up-to-date symlink: /home/josiah/urdf_ws/install/my_robot_description/share/my_robot_description/local_setup.bash
[0.695s] -- Up-to-date symlink: /home/josiah/urdf_ws/install/my_robot_description/share/my_robot_description/local_setup.sh
[0.696s] -- Up-to-date symlink: /home/josiah/urdf_ws/install/my_robot_description/share/my_robot_description/local_setup.zsh
[0.697s] -- Up-to-date symlink: /home/josiah/urdf_ws/install/my_robot_description/share/my_robot_description/local_setup.dsv
[0.697s] -- Symlinking: /home/josiah/urdf_ws/install/my_robot_description/share/my_robot_description/package.dsv
[0.716s] -- Up-to-date symlink: /home/josiah/urdf_ws/install/my_robot_description/share/ament_index/resource_index/packages/my_robot_description
[0.716s] -- Up-to-date symlink: /home/josiah/urdf_ws/install/my_robot_description/share/my_robot_description/cmake/my_robot_descriptionConfig.cmake
[0.717s] -- Up-to-date symlink: /home/josiah/urdf_ws/install/my_robot_description/share/my_robot_description/cmake/my_robot_descriptionConfig-version.cmake
[0.717s] -- Up-to-date symlink: /home/josiah/urdf_ws/install/my_robot_description/share/my_robot_description/package.xml
[0.720s] Invoked command in '/home/josiah/urdf_ws/build/my_robot_description' returned '0': CMAKE_PREFIX_PATH=${CMAKE_PREFIX_PATH}:/opt/ros/humble /usr/bin/cmake --install /home/josiah/urdf_ws/build/my_robot_description
