[0.029s] Invoking command in '/home/josiah/urdf_ws/build/my_robot_description': CMAKE_PREFIX_PATH=${CMAKE_PREFIX_PATH}:/opt/ros/humble /usr/bin/cmake --build /home/josiah/urdf_ws/build/my_robot_description -- -j8 -l8
[0.168s] Invoked command in '/home/josiah/urdf_ws/build/my_robot_description' returned '0': CMAKE_PREFIX_PATH=${CMAKE_PREFIX_PATH}:/opt/ros/humble /usr/bin/cmake --build /home/josiah/urdf_ws/build/my_robot_description -- -j8 -l8
[0.222s] Invoking command in '/home/josiah/urdf_ws/build/my_robot_description': CMAKE_PREFIX_PATH=${CMAKE_PREFIX_PATH}:/opt/ros/humble /usr/bin/cmake --install /home/josiah/urdf_ws/build/my_robot_description
[0.239s] -- Install configuration: ""
[0.240s] -- Up-to-date: /home/josiah/urdf_ws/install/my_robot_description/share/my_robot_description//urdf
[0.240s] -- Up-to-date: /home/josiah/urdf_ws/install/my_robot_description/share/my_robot_description//urdf/my_robot.urdf
[0.241s] -- Up-to-date: /home/josiah/urdf_ws/install/my_robot_description/share/my_robot_description//launch
[0.241s] -- Up-to-date: /home/josiah/urdf_ws/install/my_robot_description/share/my_robot_description//launch/display.launch.py
[0.241s] -- Installing: /home/josiah/urdf_ws/install/my_robot_description/share/my_robot_description//launch/display.launch.xml
[0.241s] -- Up-to-date: /home/josiah/urdf_ws/install/my_robot_description/share/ament_index/resource_index/package_run_dependencies/my_robot_description
[0.241s] -- Up-to-date: /home/josiah/urdf_ws/install/my_robot_description/share/ament_index/resource_index/parent_prefix_path/my_robot_description
[0.242s] -- Up-to-date: /home/josiah/urdf_ws/install/my_robot_description/share/my_robot_description/environment/ament_prefix_path.sh
[0.242s] -- Up-to-date: /home/josiah/urdf_ws/install/my_robot_description/share/my_robot_description/environment/ament_prefix_path.dsv
[0.243s] -- Up-to-date: /home/josiah/urdf_ws/install/my_robot_description/share/my_robot_description/environment/path.sh
[0.243s] -- Up-to-date: /home/josiah/urdf_ws/install/my_robot_description/share/my_robot_description/environment/path.dsv
[0.243s] -- Up-to-date: /home/josiah/urdf_ws/install/my_robot_description/share/my_robot_description/local_setup.bash
[0.243s] -- Up-to-date: /home/josiah/urdf_ws/install/my_robot_description/share/my_robot_description/local_setup.sh
[0.243s] -- Up-to-date: /home/josiah/urdf_ws/install/my_robot_description/share/my_robot_description/local_setup.zsh
[0.243s] -- Up-to-date: /home/josiah/urdf_ws/install/my_robot_description/share/my_robot_description/local_setup.dsv
[0.244s] -- Installing: /home/josiah/urdf_ws/install/my_robot_description/share/my_robot_description/package.dsv
[0.244s] -- Up-to-date: /home/josiah/urdf_ws/install/my_robot_description/share/ament_index/resource_index/packages/my_robot_description
[0.244s] -- Up-to-date: /home/josiah/urdf_ws/install/my_robot_description/share/my_robot_description/cmake/my_robot_descriptionConfig.cmake
[0.244s] -- Up-to-date: /home/josiah/urdf_ws/install/my_robot_description/share/my_robot_description/cmake/my_robot_descriptionConfig-version.cmake
[0.244s] -- Up-to-date: /home/josiah/urdf_ws/install/my_robot_description/share/my_robot_description/package.xml
[0.246s] Invoked command in '/home/josiah/urdf_ws/build/my_robot_description' returned '0': CMAKE_PREFIX_PATH=${CMAKE_PREFIX_PATH}:/opt/ros/humble /usr/bin/cmake --install /home/josiah/urdf_ws/build/my_robot_description
