[0.021s] Invoking command in '/home/josiah/urdf_ws/build/my_robot_description': CMAKE_PREFIX_PATH=/opt/ros/humble /usr/bin/cmake --build /home/josiah/urdf_ws/build/my_robot_description -- -j8 -l8
[0.067s] -- Found ament_cmake: 1.3.10 (/opt/ros/humble/share/ament_cmake/cmake)
[0.459s] -- Configuring done
[0.463s] -- Generating done
[0.465s] -- Build files have been written to: /home/josiah/urdf_ws/build/my_robot_description
[0.512s] Invoked command in '/home/josiah/urdf_ws/build/my_robot_description' returned '0': CMAKE_PREFIX_PATH=/opt/ros/humble /usr/bin/cmake --build /home/josiah/urdf_ws/build/my_robot_description -- -j8 -l8
[0.585s] Invoking command in '/home/josiah/urdf_ws/build/my_robot_description': CMAKE_PREFIX_PATH=/opt/ros/humble /usr/bin/cmake --install /home/josiah/urdf_ws/build/my_robot_description
[0.600s] -- Install configuration: ""
[0.600s] -- Up-to-date: /home/josiah/urdf_ws/install/my_robot_description/share/my_robot_description//urdf
[0.600s] -- Up-to-date: /home/josiah/urdf_ws/install/my_robot_description/share/my_robot_description//urdf/my_robot.urdf
[0.601s] -- Installing: /home/josiah/urdf_ws/install/my_robot_description/share/my_robot_description//launch
[0.601s] -- Installing: /home/josiah/urdf_ws/install/my_robot_description/share/my_robot_description//launch/display.launch.xml
[0.601s] -- Up-to-date: /home/josiah/urdf_ws/install/my_robot_description/share/ament_index/resource_index/package_run_dependencies/my_robot_description
[0.601s] -- Up-to-date: /home/josiah/urdf_ws/install/my_robot_description/share/ament_index/resource_index/parent_prefix_path/my_robot_description
[0.601s] -- Up-to-date: /home/josiah/urdf_ws/install/my_robot_description/share/my_robot_description/environment/ament_prefix_path.sh
[0.601s] -- Installing: /home/josiah/urdf_ws/install/my_robot_description/share/my_robot_description/environment/ament_prefix_path.dsv
[0.602s] -- Up-to-date: /home/josiah/urdf_ws/install/my_robot_description/share/my_robot_description/environment/path.sh
[0.602s] -- Installing: /home/josiah/urdf_ws/install/my_robot_description/share/my_robot_description/environment/path.dsv
[0.602s] -- Up-to-date: /home/josiah/urdf_ws/install/my_robot_description/share/my_robot_description/local_setup.bash
[0.602s] -- Up-to-date: /home/josiah/urdf_ws/install/my_robot_description/share/my_robot_description/local_setup.sh
[0.602s] -- Up-to-date: /home/josiah/urdf_ws/install/my_robot_description/share/my_robot_description/local_setup.zsh
[0.602s] -- Installing: /home/josiah/urdf_ws/install/my_robot_description/share/my_robot_description/local_setup.dsv
[0.602s] -- Installing: /home/josiah/urdf_ws/install/my_robot_description/share/my_robot_description/package.dsv
[0.603s] -- Up-to-date: /home/josiah/urdf_ws/install/my_robot_description/share/ament_index/resource_index/packages/my_robot_description
[0.603s] -- Up-to-date: /home/josiah/urdf_ws/install/my_robot_description/share/my_robot_description/cmake/my_robot_descriptionConfig.cmake
[0.603s] -- Up-to-date: /home/josiah/urdf_ws/install/my_robot_description/share/my_robot_description/cmake/my_robot_descriptionConfig-version.cmake
[0.603s] -- Up-to-date: /home/josiah/urdf_ws/install/my_robot_description/share/my_robot_description/package.xml
[0.608s] Invoked command in '/home/josiah/urdf_ws/build/my_robot_description' returned '0': CMAKE_PREFIX_PATH=/opt/ros/humble /usr/bin/cmake --install /home/josiah/urdf_ws/build/my_robot_description
