[0.032s] Invoking command in '/home/josiah/urdf_ws/build/my_robot_description': CMAKE_PREFIX_PATH=${CMAKE_PREFIX_PATH}:/opt/ros/humble /usr/bin/cmake /home/josiah/urdf_ws/src/my_robot_description -DCMAKE_INSTALL_PREFIX=/home/josiah/urdf_ws/install/my_robot_description
[0.120s] -- Found ament_cmake: 1.3.10 (/opt/ros/humble/share/ament_cmake/cmake)
[0.376s] -- Override CMake install command with custom implementation using symlinks instead of copying resources
[0.545s] -- Configuring done
[0.556s] -- Generating done
[0.558s] -- Build files have been written to: /home/josiah/urdf_ws/build/my_robot_description
[0.564s] Invoked command in '/home/josiah/urdf_ws/build/my_robot_description' returned '0': CMAKE_PREFIX_PATH=${CMAKE_PREFIX_PATH}:/opt/ros/humble /usr/bin/cmake /home/josiah/urdf_ws/src/my_robot_description -DCMAKE_INSTALL_PREFIX=/home/josiah/urdf_ws/install/my_robot_description
[0.567s] Invoking command in '/home/josiah/urdf_ws/build/my_robot_description': CMAKE_PREFIX_PATH=${CMAKE_PREFIX_PATH}:/opt/ros/humble /usr/bin/cmake --build /home/josiah/urdf_ws/build/my_robot_description -- -j8 -l8
[0.655s] Invoked command in '/home/josiah/urdf_ws/build/my_robot_description' returned '0': CMAKE_PREFIX_PATH=${CMAKE_PREFIX_PATH}:/opt/ros/humble /usr/bin/cmake --build /home/josiah/urdf_ws/build/my_robot_description -- -j8 -l8
[0.721s] Invoking command in '/home/josiah/urdf_ws/build/my_robot_description': CMAKE_PREFIX_PATH=${CMAKE_PREFIX_PATH}:/opt/ros/humble /usr/bin/cmake --install /home/josiah/urdf_ws/build/my_robot_description
[0.735s] -- Install configuration: ""
[0.736s] -- Execute custom install script
[0.738s] -- Up-to-date symlink: /home/josiah/urdf_ws/install/my_robot_description/share/my_robot_description//urdf/arm.xacro
[0.738s] -- Up-to-date symlink: /home/josiah/urdf_ws/install/my_robot_description/share/my_robot_description//urdf/camera.xacro
[0.739s] -- Up-to-date symlink: /home/josiah/urdf_ws/install/my_robot_description/share/my_robot_description//urdf/common_properties.xacro
[0.739s] -- Up-to-date symlink: /home/josiah/urdf_ws/install/my_robot_description/share/my_robot_description//urdf/mobile_base.xacro
[0.740s] -- Up-to-date symlink: /home/josiah/urdf_ws/install/my_robot_description/share/my_robot_description//urdf/mobile_base_gazebo.xacro
[0.740s] -- Up-to-date symlink: /home/josiah/urdf_ws/install/my_robot_description/share/my_robot_description//urdf/my_robot.urdf.xacro
[0.740s] -- Up-to-date symlink: /home/josiah/urdf_ws/install/my_robot_description/share/my_robot_description//urdf/standalone_arm.urdf.xacro
[0.741s] -- Up-to-date symlink: /home/josiah/urdf_ws/install/my_robot_description/share/my_robot_description//launch/display.launch.py
[0.741s] -- Up-to-date symlink: /home/josiah/urdf_ws/install/my_robot_description/share/my_robot_description//launch/display.launch.xml
[0.742s] -- Up-to-date symlink: /home/josiah/urdf_ws/install/my_robot_description/share/my_robot_description//rviz/urdf_config.rviz
[0.742s] -- Up-to-date symlink: /home/josiah/urdf_ws/install/my_robot_description/share/ament_index/resource_index/package_run_dependencies/my_robot_description
[0.744s] -- Up-to-date symlink: /home/josiah/urdf_ws/install/my_robot_description/share/ament_index/resource_index/parent_prefix_path/my_robot_description
[0.744s] -- Up-to-date symlink: /home/josiah/urdf_ws/install/my_robot_description/share/my_robot_description/environment/ament_prefix_path.sh
[0.745s] -- Up-to-date symlink: /home/josiah/urdf_ws/install/my_robot_description/share/my_robot_description/environment/ament_prefix_path.dsv
[0.745s] -- Up-to-date symlink: /home/josiah/urdf_ws/install/my_robot_description/share/my_robot_description/environment/path.sh
[0.746s] -- Up-to-date symlink: /home/josiah/urdf_ws/install/my_robot_description/share/my_robot_description/environment/path.dsv
[0.747s] -- Up-to-date symlink: /home/josiah/urdf_ws/install/my_robot_description/share/my_robot_description/local_setup.bash
[0.747s] -- Up-to-date symlink: /home/josiah/urdf_ws/install/my_robot_description/share/my_robot_description/local_setup.sh
[0.748s] -- Up-to-date symlink: /home/josiah/urdf_ws/install/my_robot_description/share/my_robot_description/local_setup.zsh
[0.748s] -- Up-to-date symlink: /home/josiah/urdf_ws/install/my_robot_description/share/my_robot_description/local_setup.dsv
[0.749s] -- Symlinking: /home/josiah/urdf_ws/install/my_robot_description/share/my_robot_description/package.dsv
[0.770s] -- Up-to-date symlink: /home/josiah/urdf_ws/install/my_robot_description/share/ament_index/resource_index/packages/my_robot_description
[0.771s] -- Up-to-date symlink: /home/josiah/urdf_ws/install/my_robot_description/share/my_robot_description/cmake/my_robot_descriptionConfig.cmake
[0.771s] -- Up-to-date symlink: /home/josiah/urdf_ws/install/my_robot_description/share/my_robot_description/cmake/my_robot_descriptionConfig-version.cmake
[0.772s] -- Up-to-date symlink: /home/josiah/urdf_ws/install/my_robot_description/share/my_robot_description/package.xml
[0.776s] Invoked command in '/home/josiah/urdf_ws/build/my_robot_description' returned '0': CMAKE_PREFIX_PATH=${CMAKE_PREFIX_PATH}:/opt/ros/humble /usr/bin/cmake --install /home/josiah/urdf_ws/build/my_robot_description
