[0.018s] Invoking command in '/home/josiah/urdf_ws/build/my_robot_description': CMAKE_PREFIX_PATH=${CMAKE_PREFIX_PATH}:/opt/ros/humble /usr/bin/cmake /home/josiah/urdf_ws/src/my_robot_description -DCMAKE_INSTALL_PREFIX=/home/josiah/urdf_ws/install/my_robot_description
[0.069s] -- Found ament_cmake: 1.3.10 (/opt/ros/humble/share/ament_cmake/cmake)
[0.242s] -- Override CMake install command with custom implementation using symlinks instead of copying resources
[0.357s] -- Configuring done
[0.366s] -- Generating done
[0.367s] -- Build files have been written to: /home/josiah/urdf_ws/build/my_robot_description
[0.371s] Invoked command in '/home/josiah/urdf_ws/build/my_robot_description' returned '0': CMAKE_PREFIX_PATH=${CMAKE_PREFIX_PATH}:/opt/ros/humble /usr/bin/cmake /home/josiah/urdf_ws/src/my_robot_description -DCMAKE_INSTALL_PREFIX=/home/josiah/urdf_ws/install/my_robot_description
[0.374s] Invoking command in '/home/josiah/urdf_ws/build/my_robot_description': CMAKE_PREFIX_PATH=${CMAKE_PREFIX_PATH}:/opt/ros/humble /usr/bin/cmake --build /home/josiah/urdf_ws/build/my_robot_description -- -j8 -l8
[0.440s] Invoked command in '/home/josiah/urdf_ws/build/my_robot_description' returned '0': CMAKE_PREFIX_PATH=${CMAKE_PREFIX_PATH}:/opt/ros/humble /usr/bin/cmake --build /home/josiah/urdf_ws/build/my_robot_description -- -j8 -l8
[0.502s] Invoking command in '/home/josiah/urdf_ws/build/my_robot_description': CMAKE_PREFIX_PATH=${CMAKE_PREFIX_PATH}:/opt/ros/humble /usr/bin/cmake --install /home/josiah/urdf_ws/build/my_robot_description
[0.517s] -- Install configuration: ""
[0.518s] -- Execute custom install script
[0.523s] -- Up-to-date symlink: /home/josiah/urdf_ws/install/my_robot_description/share/my_robot_description//urdf/my_robot.urdf.xacro
[0.525s] -- Up-to-date symlink: /home/josiah/urdf_ws/install/my_robot_description/share/my_robot_description//launch/display.launch.py
[0.525s] -- Up-to-date symlink: /home/josiah/urdf_ws/install/my_robot_description/share/my_robot_description//launch/display.launch.xml
[0.527s] -- Up-to-date symlink: /home/josiah/urdf_ws/install/my_robot_description/share/my_robot_description//rviz/urdf_config.rviz
[0.528s] -- Up-to-date symlink: /home/josiah/urdf_ws/install/my_robot_description/share/ament_index/resource_index/package_run_dependencies/my_robot_description
[0.529s] -- Up-to-date symlink: /home/josiah/urdf_ws/install/my_robot_description/share/ament_index/resource_index/parent_prefix_path/my_robot_description
[0.530s] -- Up-to-date symlink: /home/josiah/urdf_ws/install/my_robot_description/share/my_robot_description/environment/ament_prefix_path.sh
[0.532s] -- Up-to-date symlink: /home/josiah/urdf_ws/install/my_robot_description/share/my_robot_description/environment/ament_prefix_path.dsv
[0.533s] -- Up-to-date symlink: /home/josiah/urdf_ws/install/my_robot_description/share/my_robot_description/environment/path.sh
[0.533s] -- Up-to-date symlink: /home/josiah/urdf_ws/install/my_robot_description/share/my_robot_description/environment/path.dsv
[0.534s] -- Up-to-date symlink: /home/josiah/urdf_ws/install/my_robot_description/share/my_robot_description/local_setup.bash
[0.535s] -- Up-to-date symlink: /home/josiah/urdf_ws/install/my_robot_description/share/my_robot_description/local_setup.sh
[0.536s] -- Up-to-date symlink: /home/josiah/urdf_ws/install/my_robot_description/share/my_robot_description/local_setup.zsh
[0.536s] -- Up-to-date symlink: /home/josiah/urdf_ws/install/my_robot_description/share/my_robot_description/local_setup.dsv
[0.537s] -- Symlinking: /home/josiah/urdf_ws/install/my_robot_description/share/my_robot_description/package.dsv
[0.563s] -- Up-to-date symlink: /home/josiah/urdf_ws/install/my_robot_description/share/ament_index/resource_index/packages/my_robot_description
[0.563s] -- Up-to-date symlink: /home/josiah/urdf_ws/install/my_robot_description/share/my_robot_description/cmake/my_robot_descriptionConfig.cmake
[0.564s] -- Up-to-date symlink: /home/josiah/urdf_ws/install/my_robot_description/share/my_robot_description/cmake/my_robot_descriptionConfig-version.cmake
[0.564s] -- Up-to-date symlink: /home/josiah/urdf_ws/install/my_robot_description/share/my_robot_description/package.xml
[0.567s] Invoked command in '/home/josiah/urdf_ws/build/my_robot_description' returned '0': CMAKE_PREFIX_PATH=${CMAKE_PREFIX_PATH}:/opt/ros/humble /usr/bin/cmake --install /home/josiah/urdf_ws/build/my_robot_description
