[0.031s] Invoking command in '/home/josiah/urdf_ws/build/my_robot_description': CMAKE_PREFIX_PATH=${CMAKE_PREFIX_PATH}:/opt/ros/humble /usr/bin/cmake --build /home/josiah/urdf_ws/build/my_robot_description -- -j8 -l8
[0.211s] Invoked command in '/home/josiah/urdf_ws/build/my_robot_description' returned '0': CMAKE_PREFIX_PATH=${CMAKE_PREFIX_PATH}:/opt/ros/humble /usr/bin/cmake --build /home/josiah/urdf_ws/build/my_robot_description -- -j8 -l8
[0.299s] Invoking command in '/home/josiah/urdf_ws/build/my_robot_description': CMAKE_PREFIX_PATH=${CMAKE_PREFIX_PATH}:/opt/ros/humble /usr/bin/cmake --install /home/josiah/urdf_ws/build/my_robot_description
[0.316s] -- Install configuration: ""
[0.322s] -- Execute custom install script
[0.326s] -- Up-to-date symlink: /home/josiah/urdf_ws/install/my_robot_description/share/my_robot_description//urdf/arm.xacro
[0.327s] -- Up-to-date symlink: /home/josiah/urdf_ws/install/my_robot_description/share/my_robot_description//urdf/common_properties.xacro
[0.328s] -- Up-to-date symlink: /home/josiah/urdf_ws/install/my_robot_description/share/my_robot_description//urdf/mobile_base.xacro
[0.328s] -- Up-to-date symlink: /home/josiah/urdf_ws/install/my_robot_description/share/my_robot_description//urdf/mobile_base_gazebo.xacro
[0.330s] -- Up-to-date symlink: /home/josiah/urdf_ws/install/my_robot_description/share/my_robot_description//urdf/my_robot.urdf.xacro
[0.331s] -- Up-to-date symlink: /home/josiah/urdf_ws/install/my_robot_description/share/my_robot_description//urdf/standalone_arm.urdf.xacro
[0.333s] -- Up-to-date symlink: /home/josiah/urdf_ws/install/my_robot_description/share/my_robot_description//launch/display.launch.py
[0.334s] -- Up-to-date symlink: /home/josiah/urdf_ws/install/my_robot_description/share/my_robot_description//launch/display.launch.xml
[0.336s] -- Up-to-date symlink: /home/josiah/urdf_ws/install/my_robot_description/share/my_robot_description//rviz/urdf_config.rviz
[0.337s] -- Up-to-date symlink: /home/josiah/urdf_ws/install/my_robot_description/share/ament_index/resource_index/package_run_dependencies/my_robot_description
[0.339s] -- Up-to-date symlink: /home/josiah/urdf_ws/install/my_robot_description/share/ament_index/resource_index/parent_prefix_path/my_robot_description
[0.340s] -- Up-to-date symlink: /home/josiah/urdf_ws/install/my_robot_description/share/my_robot_description/environment/ament_prefix_path.sh
[0.341s] -- Up-to-date symlink: /home/josiah/urdf_ws/install/my_robot_description/share/my_robot_description/environment/ament_prefix_path.dsv
[0.342s] -- Up-to-date symlink: /home/josiah/urdf_ws/install/my_robot_description/share/my_robot_description/environment/path.sh
[0.343s] -- Up-to-date symlink: /home/josiah/urdf_ws/install/my_robot_description/share/my_robot_description/environment/path.dsv
[0.344s] -- Up-to-date symlink: /home/josiah/urdf_ws/install/my_robot_description/share/my_robot_description/local_setup.bash
[0.346s] -- Up-to-date symlink: /home/josiah/urdf_ws/install/my_robot_description/share/my_robot_description/local_setup.sh
[0.347s] -- Up-to-date symlink: /home/josiah/urdf_ws/install/my_robot_description/share/my_robot_description/local_setup.zsh
[0.348s] -- Up-to-date symlink: /home/josiah/urdf_ws/install/my_robot_description/share/my_robot_description/local_setup.dsv
[0.348s] -- Symlinking: /home/josiah/urdf_ws/install/my_robot_description/share/my_robot_description/package.dsv
[0.376s] -- Up-to-date symlink: /home/josiah/urdf_ws/install/my_robot_description/share/ament_index/resource_index/packages/my_robot_description
[0.377s] -- Up-to-date symlink: /home/josiah/urdf_ws/install/my_robot_description/share/my_robot_description/cmake/my_robot_descriptionConfig.cmake
[0.377s] -- Up-to-date symlink: /home/josiah/urdf_ws/install/my_robot_description/share/my_robot_description/cmake/my_robot_descriptionConfig-version.cmake
[0.378s] -- Up-to-date symlink: /home/josiah/urdf_ws/install/my_robot_description/share/my_robot_description/package.xml
[0.381s] Invoked command in '/home/josiah/urdf_ws/build/my_robot_description' returned '0': CMAKE_PREFIX_PATH=${CMAKE_PREFIX_PATH}:/opt/ros/humble /usr/bin/cmake --install /home/josiah/urdf_ws/build/my_robot_description
