[0.016s] Invoking command in '/home/josiah/urdf_ws/build/my_robot_bringup': CMAKE_PREFIX_PATH=/home/josiah/urdf_ws/install/my_robot_description:/home/josiah/urdf_ws/install/my_robot_bringup:/opt/ros/humble /usr/bin/cmake --build /home/josiah/urdf_ws/build/my_robot_bringup -- -j8 -l8
[0.066s] -- Found ament_cmake: 1.3.10 (/opt/ros/humble/share/ament_cmake/cmake)
[0.256s] -- Override CMake install command with custom implementation using symlinks instead of copying resources
[0.365s] -- Configuring done
[0.370s] -- Generating done
[0.371s] -- Build files have been written to: /home/josiah/urdf_ws/build/my_robot_bringup
[0.406s] Invoked command in '/home/josiah/urdf_ws/build/my_robot_bringup' returned '0': CMAKE_PREFIX_PATH=/home/josiah/urdf_ws/install/my_robot_description:/home/josiah/urdf_ws/install/my_robot_bringup:/opt/ros/humble /usr/bin/cmake --build /home/josiah/urdf_ws/build/my_robot_bringup -- -j8 -l8
[0.446s] Invoking command in '/home/josiah/urdf_ws/build/my_robot_bringup': CMAKE_PREFIX_PATH=/home/josiah/urdf_ws/install/my_robot_description:/home/josiah/urdf_ws/install/my_robot_bringup:/opt/ros/humble /usr/bin/cmake --install /home/josiah/urdf_ws/build/my_robot_bringup
[0.459s] -- Install configuration: ""
[0.460s] -- Execute custom install script
[0.465s] -- Up-to-date symlink: /home/josiah/urdf_ws/install/my_robot_bringup/share/my_robot_bringup//launch/my_robot_gazebo.launch.xml
[0.466s] -- Up-to-date symlink: /home/josiah/urdf_ws/install/my_robot_bringup/share/my_robot_bringup//rviz/urdf_config.rviz
[0.467s] -- Up-to-date symlink: /home/josiah/urdf_ws/install/my_robot_bringup/share/my_robot_bringup//worlds/test_world.world
[0.467s] -- Up-to-date symlink: /home/josiah/urdf_ws/install/my_robot_bringup/share/ament_index/resource_index/package_run_dependencies/my_robot_bringup
[0.468s] -- Up-to-date symlink: /home/josiah/urdf_ws/install/my_robot_bringup/share/ament_index/resource_index/parent_prefix_path/my_robot_bringup
[0.468s] -- Up-to-date symlink: /home/josiah/urdf_ws/install/my_robot_bringup/share/my_robot_bringup/environment/ament_prefix_path.sh
[0.469s] -- Up-to-date symlink: /home/josiah/urdf_ws/install/my_robot_bringup/share/my_robot_bringup/environment/ament_prefix_path.dsv
[0.469s] -- Up-to-date symlink: /home/josiah/urdf_ws/install/my_robot_bringup/share/my_robot_bringup/environment/path.sh
[0.469s] -- Up-to-date symlink: /home/josiah/urdf_ws/install/my_robot_bringup/share/my_robot_bringup/environment/path.dsv
[0.470s] -- Up-to-date symlink: /home/josiah/urdf_ws/install/my_robot_bringup/share/my_robot_bringup/local_setup.bash
[0.470s] -- Up-to-date symlink: /home/josiah/urdf_ws/install/my_robot_bringup/share/my_robot_bringup/local_setup.sh
[0.471s] -- Up-to-date symlink: /home/josiah/urdf_ws/install/my_robot_bringup/share/my_robot_bringup/local_setup.zsh
[0.471s] -- Up-to-date symlink: /home/josiah/urdf_ws/install/my_robot_bringup/share/my_robot_bringup/local_setup.dsv
[0.471s] -- Symlinking: /home/josiah/urdf_ws/install/my_robot_bringup/share/my_robot_bringup/package.dsv
[0.488s] -- Up-to-date symlink: /home/josiah/urdf_ws/install/my_robot_bringup/share/ament_index/resource_index/packages/my_robot_bringup
[0.488s] -- Up-to-date symlink: /home/josiah/urdf_ws/install/my_robot_bringup/share/my_robot_bringup/cmake/my_robot_bringupConfig.cmake
[0.489s] -- Up-to-date symlink: /home/josiah/urdf_ws/install/my_robot_bringup/share/my_robot_bringup/cmake/my_robot_bringupConfig-version.cmake
[0.489s] -- Up-to-date symlink: /home/josiah/urdf_ws/install/my_robot_bringup/share/my_robot_bringup/package.xml
[0.494s] Invoked command in '/home/josiah/urdf_ws/build/my_robot_bringup' returned '0': CMAKE_PREFIX_PATH=/home/josiah/urdf_ws/install/my_robot_description:/home/josiah/urdf_ws/install/my_robot_bringup:/opt/ros/humble /usr/bin/cmake --install /home/josiah/urdf_ws/build/my_robot_bringup
