[0.025s] Invoking command in '/home/josiah/urdf_ws/build/my_robot_description': CMAKE_PREFIX_PATH=/opt/ros/humble /usr/bin/cmake --build /home/josiah/urdf_ws/build/my_robot_description -- -j8 -l8
[0.110s] Invoked command in '/home/josiah/urdf_ws/build/my_robot_description' returned '0': CMAKE_PREFIX_PATH=/opt/ros/humble /usr/bin/cmake --build /home/josiah/urdf_ws/build/my_robot_description -- -j8 -l8
[0.168s] Invoking command in '/home/josiah/urdf_ws/build/my_robot_description': CMAKE_PREFIX_PATH=/opt/ros/humble /usr/bin/cmake --install /home/josiah/urdf_ws/build/my_robot_description
[0.184s] -- Install configuration: ""
[0.184s] -- Up-to-date: /home/josiah/urdf_ws/install/my_robot_description/share/my_robot_description//urdf
[0.184s] -- Up-to-date: /home/josiah/urdf_ws/install/my_robot_description/share/my_robot_description//urdf/my_robot.urdf
[0.185s] -- Up-to-date: /home/josiah/urdf_ws/install/my_robot_description/share/my_robot_description//launch
[0.185s] -- Installing: /home/josiah/urdf_ws/install/my_robot_description/share/my_robot_description//launch/display.launch.py
[0.185s] -- Up-to-date: /home/josiah/urdf_ws/install/my_robot_description/share/my_robot_description//launch/display.launch.xml
[0.185s] -- Up-to-date: /home/josiah/urdf_ws/install/my_robot_description/share/ament_index/resource_index/package_run_dependencies/my_robot_description
[0.186s] -- Up-to-date: /home/josiah/urdf_ws/install/my_robot_description/share/ament_index/resource_index/parent_prefix_path/my_robot_description
[0.186s] -- Up-to-date: /home/josiah/urdf_ws/install/my_robot_description/share/my_robot_description/environment/ament_prefix_path.sh
[0.186s] -- Up-to-date: /home/josiah/urdf_ws/install/my_robot_description/share/my_robot_description/environment/ament_prefix_path.dsv
[0.187s] -- Up-to-date: /home/josiah/urdf_ws/install/my_robot_description/share/my_robot_description/environment/path.sh
[0.187s] -- Up-to-date: /home/josiah/urdf_ws/install/my_robot_description/share/my_robot_description/environment/path.dsv
[0.187s] -- Up-to-date: /home/josiah/urdf_ws/install/my_robot_description/share/my_robot_description/local_setup.bash
[0.187s] -- Up-to-date: /home/josiah/urdf_ws/install/my_robot_description/share/my_robot_description/local_setup.sh
[0.187s] -- Up-to-date: /home/josiah/urdf_ws/install/my_robot_description/share/my_robot_description/local_setup.zsh
[0.188s] -- Up-to-date: /home/josiah/urdf_ws/install/my_robot_description/share/my_robot_description/local_setup.dsv
[0.188s] -- Installing: /home/josiah/urdf_ws/install/my_robot_description/share/my_robot_description/package.dsv
[0.188s] -- Up-to-date: /home/josiah/urdf_ws/install/my_robot_description/share/ament_index/resource_index/packages/my_robot_description
[0.188s] -- Up-to-date: /home/josiah/urdf_ws/install/my_robot_description/share/my_robot_description/cmake/my_robot_descriptionConfig.cmake
[0.188s] -- Up-to-date: /home/josiah/urdf_ws/install/my_robot_description/share/my_robot_description/cmake/my_robot_descriptionConfig-version.cmake
[0.189s] -- Up-to-date: /home/josiah/urdf_ws/install/my_robot_description/share/my_robot_description/package.xml
[0.191s] Invoked command in '/home/josiah/urdf_ws/build/my_robot_description' returned '0': CMAKE_PREFIX_PATH=/opt/ros/humble /usr/bin/cmake --install /home/josiah/urdf_ws/build/my_robot_description
