[0.021s] Invoking command in '/home/josiah/urdf_ws/build/my_robot_description': CMAKE_PREFIX_PATH=${CMAKE_PREFIX_PATH}:/opt/ros/humble /usr/bin/cmake /home/josiah/urdf_ws/src/my_robot_description -DAMENT_CMAKE_SYMLINK_INSTALL=1 -DCMAKE_INSTALL_PREFIX=/home/josiah/urdf_ws/install/my_robot_description
[0.054s] -- Found ament_cmake: 1.3.10 (/opt/ros/humble/share/ament_cmake/cmake)
[0.239s] -- Override CMake install command with custom implementation using symlinks instead of copying resources
[0.346s] -- Configuring done
[0.356s] -- Generating done
[0.361s] -- Build files have been written to: /home/josiah/urdf_ws/build/my_robot_description
[0.371s] Invoked command in '/home/josiah/urdf_ws/build/my_robot_description' returned '0': CMAKE_PREFIX_PATH=${CMAKE_PREFIX_PATH}:/opt/ros/humble /usr/bin/cmake /home/josiah/urdf_ws/src/my_robot_description -DAMENT_CMAKE_SYMLINK_INSTALL=1 -DCMAKE_INSTALL_PREFIX=/home/josiah/urdf_ws/install/my_robot_description
[0.376s] Invoking command in '/home/josiah/urdf_ws/build/my_robot_description': CMAKE_PREFIX_PATH=${CMAKE_PREFIX_PATH}:/opt/ros/humble /usr/bin/cmake --build /home/josiah/urdf_ws/build/my_robot_description -- -j8 -l8
[0.454s] Invoked command in '/home/josiah/urdf_ws/build/my_robot_description' returned '0': CMAKE_PREFIX_PATH=${CMAKE_PREFIX_PATH}:/opt/ros/humble /usr/bin/cmake --build /home/josiah/urdf_ws/build/my_robot_description -- -j8 -l8
[0.500s] Invoking command in '/home/josiah/urdf_ws/build/my_robot_description': CMAKE_PREFIX_PATH=${CMAKE_PREFIX_PATH}:/opt/ros/humble /usr/bin/cmake --install /home/josiah/urdf_ws/build/my_robot_description
[0.514s] -- Install configuration: ""
[0.515s] -- Execute custom install script
[0.516s] -- Up-to-date symlink: /home/josiah/urdf_ws/install/my_robot_description/share/my_robot_description//urdf/arm.xacro
[0.517s] -- Up-to-date symlink: /home/josiah/urdf_ws/install/my_robot_description/share/my_robot_description//urdf/common_properties.xacro
[0.517s] -- Up-to-date symlink: /home/josiah/urdf_ws/install/my_robot_description/share/my_robot_description//urdf/mobile_base.xacro
[0.517s] -- Up-to-date symlink: /home/josiah/urdf_ws/install/my_robot_description/share/my_robot_description//urdf/mobile_base_gazebo.xacro
[0.517s] -- Up-to-date symlink: /home/josiah/urdf_ws/install/my_robot_description/share/my_robot_description//urdf/my_robot.urdf.xacro
[0.518s] -- Up-to-date symlink: /home/josiah/urdf_ws/install/my_robot_description/share/my_robot_description//urdf/standalone_arm.urdf.xacro
[0.518s] -- Up-to-date symlink: /home/josiah/urdf_ws/install/my_robot_description/share/my_robot_description//launch/display.launch.py
[0.518s] -- Up-to-date symlink: /home/josiah/urdf_ws/install/my_robot_description/share/my_robot_description//launch/display.launch.xml
[0.519s] -- Up-to-date symlink: /home/josiah/urdf_ws/install/my_robot_description/share/my_robot_description//rviz/urdf_config.rviz
[0.519s] -- Up-to-date symlink: /home/josiah/urdf_ws/install/my_robot_description/share/ament_index/resource_index/package_run_dependencies/my_robot_description
[0.519s] -- Up-to-date symlink: /home/josiah/urdf_ws/install/my_robot_description/share/ament_index/resource_index/parent_prefix_path/my_robot_description
[0.520s] -- Up-to-date symlink: /home/josiah/urdf_ws/install/my_robot_description/share/my_robot_description/environment/ament_prefix_path.sh
[0.520s] -- Up-to-date symlink: /home/josiah/urdf_ws/install/my_robot_description/share/my_robot_description/environment/ament_prefix_path.dsv
[0.521s] -- Up-to-date symlink: /home/josiah/urdf_ws/install/my_robot_description/share/my_robot_description/environment/path.sh
[0.521s] -- Up-to-date symlink: /home/josiah/urdf_ws/install/my_robot_description/share/my_robot_description/environment/path.dsv
[0.521s] -- Up-to-date symlink: /home/josiah/urdf_ws/install/my_robot_description/share/my_robot_description/local_setup.bash
[0.522s] -- Up-to-date symlink: /home/josiah/urdf_ws/install/my_robot_description/share/my_robot_description/local_setup.sh
[0.522s] -- Up-to-date symlink: /home/josiah/urdf_ws/install/my_robot_description/share/my_robot_description/local_setup.zsh
[0.523s] -- Up-to-date symlink: /home/josiah/urdf_ws/install/my_robot_description/share/my_robot_description/local_setup.dsv
[0.523s] -- Symlinking: /home/josiah/urdf_ws/install/my_robot_description/share/my_robot_description/package.dsv
[0.544s] -- Up-to-date symlink: /home/josiah/urdf_ws/install/my_robot_description/share/ament_index/resource_index/packages/my_robot_description
[0.544s] -- Up-to-date symlink: /home/josiah/urdf_ws/install/my_robot_description/share/my_robot_description/cmake/my_robot_descriptionConfig.cmake
[0.545s] -- Up-to-date symlink: /home/josiah/urdf_ws/install/my_robot_description/share/my_robot_description/cmake/my_robot_descriptionConfig-version.cmake
[0.545s] -- Up-to-date symlink: /home/josiah/urdf_ws/install/my_robot_description/share/my_robot_description/package.xml
[0.548s] Invoked command in '/home/josiah/urdf_ws/build/my_robot_description' returned '0': CMAKE_PREFIX_PATH=${CMAKE_PREFIX_PATH}:/opt/ros/humble /usr/bin/cmake --install /home/josiah/urdf_ws/build/my_robot_description
