[0.019s] Invoking command in '/home/josiah/urdf_ws/build/my_robot_description': CMAKE_PREFIX_PATH=/opt/ros/humble /usr/bin/cmake /home/josiah/urdf_ws/src/my_robot_description -DCMAKE_INSTALL_PREFIX=/home/josiah/urdf_ws/install/my_robot_description
[0.241s] -- The C compiler identification is GNU 11.4.0
[0.414s] -- The CXX compiler identification is GNU 11.4.0
[0.434s] -- Detecting C compiler ABI info
[0.566s] -- Detecting C compiler ABI info - done
[0.584s] -- Check for working C compiler: /usr/bin/cc - skipped
[0.589s] -- Detecting C compile features
[0.590s] -- Detecting C compile features - done
[0.598s] -- Detecting CXX compiler ABI info
[0.753s] -- Detecting CXX compiler ABI info - done
[0.764s] -- Check for working CXX compiler: /usr/bin/c++ - skipped
[0.765s] -- Detecting CXX compile features
[0.766s] -- Detecting CXX compile features - done
[0.788s] -- Found ament_cmake: 1.3.10 (/opt/ros/humble/share/ament_cmake/cmake)
[1.424s] -- Found Python3: /usr/bin/python3 (found version "3.10.12") found components: Interpreter 
[1.713s] -- Configuring done
[1.717s] -- Generating done
[1.718s] -- Build files have been written to: /home/josiah/urdf_ws/build/my_robot_description
[1.725s] Invoked command in '/home/josiah/urdf_ws/build/my_robot_description' returned '0': CMAKE_PREFIX_PATH=/opt/ros/humble /usr/bin/cmake /home/josiah/urdf_ws/src/my_robot_description -DCMAKE_INSTALL_PREFIX=/home/josiah/urdf_ws/install/my_robot_description
[1.729s] Invoking command in '/home/josiah/urdf_ws/build/my_robot_description': CMAKE_PREFIX_PATH=/opt/ros/humble /usr/bin/cmake --build /home/josiah/urdf_ws/build/my_robot_description -- -j8 -l8
[1.795s] Invoked command in '/home/josiah/urdf_ws/build/my_robot_description' returned '0': CMAKE_PREFIX_PATH=/opt/ros/humble /usr/bin/cmake --build /home/josiah/urdf_ws/build/my_robot_description -- -j8 -l8
[1.865s] Invoking command in '/home/josiah/urdf_ws/build/my_robot_description': CMAKE_PREFIX_PATH=/opt/ros/humble /usr/bin/cmake --install /home/josiah/urdf_ws/build/my_robot_description
[1.881s] -- Install configuration: ""
[1.882s] -- Installing: /home/josiah/urdf_ws/install/my_robot_description/share/my_robot_description//urdf
[1.882s] -- Installing: /home/josiah/urdf_ws/install/my_robot_description/share/my_robot_description//urdf/my_robot.urdf
[1.886s] -- Installing: /home/josiah/urdf_ws/install/my_robot_description/share/ament_index/resource_index/package_run_dependencies/my_robot_description
[1.886s] -- Installing: /home/josiah/urdf_ws/install/my_robot_description/share/ament_index/resource_index/parent_prefix_path/my_robot_description
[1.887s] -- Installing: /home/josiah/urdf_ws/install/my_robot_description/share/my_robot_description/environment/ament_prefix_path.sh
[1.887s] -- Installing: /home/josiah/urdf_ws/install/my_robot_description/share/my_robot_description/environment/ament_prefix_path.dsv
[1.887s] -- Installing: /home/josiah/urdf_ws/install/my_robot_description/share/my_robot_description/environment/path.sh
[1.888s] -- Installing: /home/josiah/urdf_ws/install/my_robot_description/share/my_robot_description/environment/path.dsv
[1.888s] -- Installing: /home/josiah/urdf_ws/install/my_robot_description/share/my_robot_description/local_setup.bash
[1.888s] -- Installing: /home/josiah/urdf_ws/install/my_robot_description/share/my_robot_description/local_setup.sh
[1.889s] -- Installing: /home/josiah/urdf_ws/install/my_robot_description/share/my_robot_description/local_setup.zsh
[1.889s] -- Installing: /home/josiah/urdf_ws/install/my_robot_description/share/my_robot_description/local_setup.dsv
[1.889s] -- Installing: /home/josiah/urdf_ws/install/my_robot_description/share/my_robot_description/package.dsv
[1.889s] -- Installing: /home/josiah/urdf_ws/install/my_robot_description/share/ament_index/resource_index/packages/my_robot_description
[1.890s] -- Installing: /home/josiah/urdf_ws/install/my_robot_description/share/my_robot_description/cmake/my_robot_descriptionConfig.cmake
[1.890s] -- Installing: /home/josiah/urdf_ws/install/my_robot_description/share/my_robot_description/cmake/my_robot_descriptionConfig-version.cmake
[1.890s] -- Installing: /home/josiah/urdf_ws/install/my_robot_description/share/my_robot_description/package.xml
[1.893s] Invoked command in '/home/josiah/urdf_ws/build/my_robot_description' returned '0': CMAKE_PREFIX_PATH=/opt/ros/humble /usr/bin/cmake --install /home/josiah/urdf_ws/build/my_robot_description
